{"/Users/yoanpetrov/Desktop/Code/Hi-Tech Store/Back/src/api.js": {"path":"/Users/yoanpetrov/Desktop/Code/Hi-Tech Store/Back/src/api.js","statementMap":{"0":{"start":{"line":2,"column":16},"end":{"line":2,"column":34}},"1":{"start":{"line":3,"column":12},"end":{"line":3,"column":35}},"2":{"start":{"line":4,"column":13},"end":{"line":4,"column":38}},"3":{"start":{"line":6,"column":15},"end":{"line":6,"column":31}},"4":{"start":{"line":9,"column":23},"end":{"line":22,"column":1}},"5":{"start":{"line":10,"column":16},"end":{"line":10,"column":67}},"6":{"start":{"line":11,"column":2},"end":{"line":13,"column":3}},"7":{"start":{"line":12,"column":4},"end":{"line":12,"column":64}},"8":{"start":{"line":15,"column":2},"end":{"line":21,"column":3}},"9":{"start":{"line":16,"column":20},"end":{"line":16,"column":61}},"10":{"start":{"line":17,"column":4},"end":{"line":17,"column":23}},"11":{"start":{"line":18,"column":4},"end":{"line":18,"column":11}},"12":{"start":{"line":20,"column":4},"end":{"line":20,"column":71}},"13":{"start":{"line":25,"column":0},"end":{"line":35,"column":3}},"14":{"start":{"line":26,"column":2},"end":{"line":34,"column":3}},"15":{"start":{"line":27,"column":17},"end":{"line":27,"column":49}},"16":{"start":{"line":28,"column":4},"end":{"line":30,"column":5}},"17":{"start":{"line":29,"column":6},"end":{"line":29,"column":63}},"18":{"start":{"line":31,"column":4},"end":{"line":31,"column":19}},"19":{"start":{"line":33,"column":4},"end":{"line":33,"column":52}},"20":{"start":{"line":37,"column":0},"end":{"line":37,"column":24}}},"fnMap":{"0":{"name":"(anonymous_0)","decl":{"start":{"line":9,"column":23},"end":{"line":9,"column":24}},"loc":{"start":{"line":9,"column":43},"end":{"line":22,"column":1}},"line":9},"1":{"name":"(anonymous_1)","decl":{"start":{"line":25,"column":43},"end":{"line":25,"column":44}},"loc":{"start":{"line":25,"column":63},"end":{"line":35,"column":1}},"line":25}},"branchMap":{"0":{"loc":{"start":{"line":11,"column":2},"end":{"line":13,"column":3}},"type":"if","locations":[{"start":{"line":11,"column":2},"end":{"line":13,"column":3}},{"start":{},"end":{}}],"line":11},"1":{"loc":{"start":{"line":28,"column":4},"end":{"line":30,"column":5}},"type":"if","locations":[{"start":{"line":28,"column":4},"end":{"line":30,"column":5}},{"start":{},"end":{}}],"line":28}},"s":{"0":0,"1":0,"2":0,"3":0,"4":0,"5":0,"6":0,"7":0,"8":0,"9":0,"10":0,"11":0,"12":0,"13":0,"14":0,"15":0,"16":0,"17":0,"18":0,"19":0,"20":0},"f":{"0":0,"1":0},"b":{"0":[0,0],"1":[0,0]}}
,"/Users/yoanpetrov/Desktop/Code/Hi-Tech Store/Back/src/config.js": {"path":"/Users/yoanpetrov/Desktop/Code/Hi-Tech Store/Back/src/config.js","statementMap":{"0":{"start":{"line":2,"column":0},"end":{"line":5,"column":2}}},"fnMap":{},"branchMap":{},"s":{"0":0},"f":{},"b":{}}
,"/Users/yoanpetrov/Desktop/Code/Hi-Tech Store/Back/src/createUser.js": {"path":"/Users/yoanpetrov/Desktop/Code/Hi-Tech Store/Back/src/createUser.js","statementMap":{"0":{"start":{"line":1,"column":17},"end":{"line":1,"column":36}},"1":{"start":{"line":2,"column":15},"end":{"line":2,"column":34}},"2":{"start":{"line":3,"column":15},"end":{"line":3,"column":32}},"3":{"start":{"line":4,"column":13},"end":{"line":4,"column":37}},"4":{"start":{"line":6,"column":0},"end":{"line":6,"column":16}},"5":{"start":{"line":9,"column":19},"end":{"line":41,"column":1}},"6":{"start":{"line":10,"column":2},"end":{"line":40,"column":3}},"7":{"start":{"line":11,"column":21},"end":{"line":11,"column":28}},"8":{"start":{"line":12,"column":18},"end":{"line":12,"column":32}},"9":{"start":{"line":13,"column":21},"end":{"line":13,"column":32}},"10":{"start":{"line":16,"column":25},"end":{"line":16,"column":54}},"11":{"start":{"line":17,"column":4},"end":{"line":20,"column":5}},"12":{"start":{"line":18,"column":6},"end":{"line":18,"column":64}},"13":{"start":{"line":19,"column":6},"end":{"line":19,"column":13}},"14":{"start":{"line":23,"column":27},"end":{"line":23,"column":58}},"15":{"start":{"line":24,"column":4},"end":{"line":24,"column":52}},"16":{"start":{"line":27,"column":20},"end":{"line":27,"column":75}},"17":{"start":{"line":28,"column":4},"end":{"line":28,"column":25}},"18":{"start":{"line":30,"column":4},"end":{"line":34,"column":7}},"19":{"start":{"line":36,"column":4},"end":{"line":36,"column":62}},"20":{"start":{"line":39,"column":4},"end":{"line":39,"column":32}},"21":{"start":{"line":44,"column":0},"end":{"line":51,"column":5}},"22":{"start":{"line":46,"column":4},"end":{"line":46,"column":40}},"23":{"start":{"line":47,"column":4},"end":{"line":47,"column":17}},"24":{"start":{"line":50,"column":4},"end":{"line":50,"column":67}}},"fnMap":{"0":{"name":"(anonymous_0)","decl":{"start":{"line":9,"column":19},"end":{"line":9,"column":20}},"loc":{"start":{"line":9,"column":31},"end":{"line":41,"column":1}},"line":9},"1":{"name":"(anonymous_1)","decl":{"start":{"line":45,"column":8},"end":{"line":45,"column":9}},"loc":{"start":{"line":45,"column":14},"end":{"line":48,"column":3}},"line":45},"2":{"name":"(anonymous_2)","decl":{"start":{"line":49,"column":9},"end":{"line":49,"column":10}},"loc":{"start":{"line":49,"column":16},"end":{"line":51,"column":3}},"line":49}},"branchMap":{"0":{"loc":{"start":{"line":17,"column":4},"end":{"line":20,"column":5}},"type":"if","locations":[{"start":{"line":17,"column":4},"end":{"line":20,"column":5}},{"start":{},"end":{}}],"line":17},"1":{"loc":{"start":{"line":36,"column":42},"end":{"line":36,"column":60}},"type":"binary-expr","locations":[{"start":{"line":36,"column":42},"end":{"line":36,"column":53}},{"start":{"line":36,"column":57},"end":{"line":36,"column":60}}],"line":36},"2":{"loc":{"start":{"line":50,"column":47},"end":{"line":50,"column":65}},"type":"binary-expr","locations":[{"start":{"line":50,"column":47},"end":{"line":50,"column":58}},{"start":{"line":50,"column":62},"end":{"line":50,"column":65}}],"line":50}},"s":{"0":0,"1":0,"2":0,"3":0,"4":0,"5":0,"6":0,"7":0,"8":0,"9":0,"10":0,"11":0,"12":0,"13":0,"14":0,"15":0,"16":0,"17":0,"18":0,"19":0,"20":0,"21":0,"22":0,"23":0,"24":0},"f":{"0":0,"1":0,"2":0},"b":{"0":[0,0],"1":[0,0],"2":[0,0]}}
,"/Users/yoanpetrov/Desktop/Code/Hi-Tech Store/Back/src/sanitize.js": {"path":"/Users/yoanpetrov/Desktop/Code/Hi-Tech Store/Back/src/sanitize.js","statementMap":{"0":{"start":{"line":9,"column":17},"end":{"line":20,"column":3}},"1":{"start":{"line":10,"column":4},"end":{"line":10,"column":48}},"2":{"start":{"line":10,"column":35},"end":{"line":10,"column":48}},"3":{"start":{"line":13,"column":25},"end":{"line":13,"column":37}},"4":{"start":{"line":17,"column":4},"end":{"line":17,"column":56}},"5":{"start":{"line":19,"column":4},"end":{"line":19,"column":26}},"6":{"start":{"line":22,"column":2},"end":{"line":22,"column":28}}},"fnMap":{"0":{"name":"(anonymous_0)","decl":{"start":{"line":9,"column":17},"end":{"line":9,"column":18}},"loc":{"start":{"line":9,"column":28},"end":{"line":20,"column":3}},"line":9}},"branchMap":{"0":{"loc":{"start":{"line":10,"column":4},"end":{"line":10,"column":48}},"type":"if","locations":[{"start":{"line":10,"column":4},"end":{"line":10,"column":48}},{"start":{},"end":{}}],"line":10}},"s":{"0":0,"1":0,"2":0,"3":0,"4":0,"5":0,"6":0},"f":{"0":0},"b":{"0":[0,0]}}
,"/Users/yoanpetrov/Desktop/Code/Hi-Tech Store/Back/src/seed.js": {"path":"/Users/yoanpetrov/Desktop/Code/Hi-Tech Store/Back/src/seed.js","statementMap":{"0":{"start":{"line":1,"column":17},"end":{"line":1,"column":36}},"1":{"start":{"line":2,"column":0},"end":{"line":2,"column":27}},"2":{"start":{"line":3,"column":44},"end":{"line":3,"column":72}},"3":{"start":{"line":5,"column":17},"end":{"line":5,"column":38}},"4":{"start":{"line":6,"column":0},"end":{"line":6,"column":38}},"5":{"start":{"line":8,"column":17},"end":{"line":4927,"column":1}},"6":{"start":{"line":4931,"column":2},"end":{"line":4940,"column":3}},"7":{"start":{"line":4932,"column":4},"end":{"line":4935,"column":7}},"8":{"start":{"line":4936,"column":4},"end":{"line":4936,"column":41}},"9":{"start":{"line":4938,"column":4},"end":{"line":4938,"column":65}},"10":{"start":{"line":4939,"column":4},"end":{"line":4939,"column":20}},"11":{"start":{"line":4945,"column":17},"end":{"line":4945,"column":68}},"12":{"start":{"line":4946,"column":2},"end":{"line":4954,"column":3}},"13":{"start":{"line":4947,"column":4},"end":{"line":4952,"column":7}},"14":{"start":{"line":4953,"column":4},"end":{"line":4953,"column":26}},"15":{"start":{"line":4955,"column":2},"end":{"line":4955,"column":18}},"16":{"start":{"line":4960,"column":14},"end":{"line":4963,"column":4}},"17":{"start":{"line":4964,"column":2},"end":{"line":4971,"column":3}},"18":{"start":{"line":4965,"column":4},"end":{"line":4969,"column":7}},"19":{"start":{"line":4970,"column":4},"end":{"line":4970,"column":23}},"20":{"start":{"line":4973,"column":2},"end":{"line":4976,"column":3}},"21":{"start":{"line":4973,"column":36},"end":{"line":4973,"column":74}},"22":{"start":{"line":4974,"column":4},"end":{"line":4974,"column":36}},"23":{"start":{"line":4975,"column":4},"end":{"line":4975,"column":26}},"24":{"start":{"line":4978,"column":2},"end":{"line":4978,"column":15}},"25":{"start":{"line":4983,"column":14},"end":{"line":4986,"column":4}},"26":{"start":{"line":4987,"column":2},"end":{"line":5004,"column":3}},"27":{"start":{"line":4988,"column":4},"end":{"line":5002,"column":7}},"28":{"start":{"line":5003,"column":4},"end":{"line":5003,"column":23}},"29":{"start":{"line":5006,"column":2},"end":{"line":5009,"column":3}},"30":{"start":{"line":5006,"column":33},"end":{"line":5006,"column":71}},"31":{"start":{"line":5007,"column":4},"end":{"line":5007,"column":33}},"32":{"start":{"line":5008,"column":4},"end":{"line":5008,"column":23}},"33":{"start":{"line":5011,"column":2},"end":{"line":5011,"column":15}},"34":{"start":{"line":5017,"column":4},"end":{"line":5020,"column":20}},"35":{"start":{"line":5022,"column":2},"end":{"line":5030,"column":3}},"36":{"start":{"line":5027,"column":4},"end":{"line":5029,"column":6}},"37":{"start":{"line":5032,"column":2},"end":{"line":5034,"column":30}},"38":{"start":{"line":5036,"column":16},"end":{"line":5036,"column":66}},"39":{"start":{"line":5037,"column":2},"end":{"line":5055,"column":3}},"40":{"start":{"line":5038,"column":4},"end":{"line":5053,"column":7}},"41":{"start":{"line":5054,"column":4},"end":{"line":5054,"column":25}},"42":{"start":{"line":5057,"column":2},"end":{"line":5060,"column":3}},"43":{"start":{"line":5057,"column":35},"end":{"line":5057,"column":75}},"44":{"start":{"line":5058,"column":4},"end":{"line":5058,"column":37}},"45":{"start":{"line":5059,"column":4},"end":{"line":5059,"column":23}},"46":{"start":{"line":5062,"column":2},"end":{"line":5062,"column":17}},"47":{"start":{"line":5067,"column":2},"end":{"line":5109,"column":3}},"48":{"start":{"line":5068,"column":4},"end":{"line":5068,"column":22}},"49":{"start":{"line":5070,"column":4},"end":{"line":5101,"column":5}},"50":{"start":{"line":5071,"column":6},"end":{"line":5071,"column":60}},"51":{"start":{"line":5072,"column":23},"end":{"line":5072,"column":57}},"52":{"start":{"line":5074,"column":6},"end":{"line":5100,"column":7}},"53":{"start":{"line":5075,"column":8},"end":{"line":5075,"column":58}},"54":{"start":{"line":5076,"column":22},"end":{"line":5076,"column":60}},"55":{"start":{"line":5078,"column":8},"end":{"line":5099,"column":9}},"56":{"start":{"line":5079,"column":10},"end":{"line":5079,"column":62}},"57":{"start":{"line":5080,"column":24},"end":{"line":5080,"column":69}},"58":{"start":{"line":5082,"column":10},"end":{"line":5098,"column":11}},"59":{"start":{"line":5083,"column":12},"end":{"line":5097,"column":13}},"60":{"start":{"line":5084,"column":14},"end":{"line":5088,"column":16}},"61":{"start":{"line":5089,"column":14},"end":{"line":5089,"column":54}},"62":{"start":{"line":5091,"column":14},"end":{"line":5096,"column":16}},"63":{"start":{"line":5103,"column":4},"end":{"line":5103,"column":49}},"64":{"start":{"line":5105,"column":4},"end":{"line":5105,"column":60}},"65":{"start":{"line":5107,"column":4},"end":{"line":5107,"column":38}},"66":{"start":{"line":5108,"column":4},"end":{"line":5108,"column":47}},"67":{"start":{"line":5113,"column":0},"end":{"line":5113,"column":15}}},"fnMap":{"0":{"name":"connectDB","decl":{"start":{"line":4930,"column":15},"end":{"line":4930,"column":24}},"loc":{"start":{"line":4930,"column":27},"end":{"line":4941,"column":1}},"line":4930},"1":{"name":"createCategory","decl":{"start":{"line":4944,"column":15},"end":{"line":4944,"column":29}},"loc":{"start":{"line":4944,"column":44},"end":{"line":4956,"column":1}},"line":4944},"2":{"name":"createBrand","decl":{"start":{"line":4959,"column":15},"end":{"line":4959,"column":26}},"loc":{"start":{"line":4959,"column":48},"end":{"line":4979,"column":1}},"line":4959},"3":{"name":"(anonymous_3)","decl":{"start":{"line":4973,"column":28},"end":{"line":4973,"column":29}},"loc":{"start":{"line":4973,"column":36},"end":{"line":4973,"column":74}},"line":4973},"4":{"name":"createModel","decl":{"start":{"line":4982,"column":15},"end":{"line":4982,"column":26}},"loc":{"start":{"line":4982,"column":55},"end":{"line":5012,"column":1}},"line":4982},"5":{"name":"(anonymous_5)","decl":{"start":{"line":5006,"column":25},"end":{"line":5006,"column":26}},"loc":{"start":{"line":5006,"column":33},"end":{"line":5006,"column":71}},"line":5006},"6":{"name":"createVariant","decl":{"start":{"line":5015,"column":15},"end":{"line":5015,"column":28}},"loc":{"start":{"line":5015,"column":49},"end":{"line":5063,"column":1}},"line":5015},"7":{"name":"(anonymous_7)","decl":{"start":{"line":5057,"column":27},"end":{"line":5057,"column":28}},"loc":{"start":{"line":5057,"column":35},"end":{"line":5057,"column":75}},"line":5057},"8":{"name":"seedDatabase","decl":{"start":{"line":5066,"column":15},"end":{"line":5066,"column":27}},"loc":{"start":{"line":5066,"column":30},"end":{"line":5110,"column":1}},"line":5066}},"branchMap":{"0":{"loc":{"start":{"line":4946,"column":2},"end":{"line":4954,"column":3}},"type":"if","locations":[{"start":{"line":4946,"column":2},"end":{"line":4954,"column":3}},{"start":{},"end":{}}],"line":4946},"1":{"loc":{"start":{"line":4964,"column":2},"end":{"line":4971,"column":3}},"type":"if","locations":[{"start":{"line":4964,"column":2},"end":{"line":4971,"column":3}},{"start":{},"end":{}}],"line":4964},"2":{"loc":{"start":{"line":4973,"column":2},"end":{"line":4976,"column":3}},"type":"if","locations":[{"start":{"line":4973,"column":2},"end":{"line":4976,"column":3}},{"start":{},"end":{}}],"line":4973},"3":{"loc":{"start":{"line":4987,"column":2},"end":{"line":5004,"column":3}},"type":"if","locations":[{"start":{"line":4987,"column":2},"end":{"line":5004,"column":3}},{"start":{},"end":{}}],"line":4987},"4":{"loc":{"start":{"line":4990,"column":17},"end":{"line":4990,"column":42}},"type":"binary-expr","locations":[{"start":{"line":4990,"column":17},"end":{"line":4990,"column":36}},{"start":{"line":4990,"column":40},"end":{"line":4990,"column":42}}],"line":4990},"5":{"loc":{"start":{"line":4991,"column":16},"end":{"line":4991,"column":40}},"type":"binary-expr","locations":[{"start":{"line":4991,"column":16},"end":{"line":4991,"column":34}},{"start":{"line":4991,"column":38},"end":{"line":4991,"column":40}}],"line":4991},"6":{"loc":{"start":{"line":4992,"column":22},"end":{"line":4992,"column":52}},"type":"binary-expr","locations":[{"start":{"line":4992,"column":22},"end":{"line":4992,"column":46}},{"start":{"line":4992,"column":50},"end":{"line":4992,"column":52}}],"line":4992},"7":{"loc":{"start":{"line":4993,"column":14},"end":{"line":4993,"column":36}},"type":"binary-expr","locations":[{"start":{"line":4993,"column":14},"end":{"line":4993,"column":30}},{"start":{"line":4993,"column":34},"end":{"line":4993,"column":36}}],"line":4993},"8":{"loc":{"start":{"line":4994,"column":15},"end":{"line":4994,"column":38}},"type":"binary-expr","locations":[{"start":{"line":4994,"column":15},"end":{"line":4994,"column":32}},{"start":{"line":4994,"column":36},"end":{"line":4994,"column":38}}],"line":4994},"9":{"loc":{"start":{"line":4995,"column":20},"end":{"line":4995,"column":48}},"type":"binary-expr","locations":[{"start":{"line":4995,"column":20},"end":{"line":4995,"column":42}},{"start":{"line":4995,"column":46},"end":{"line":4995,"column":48}}],"line":4995},"10":{"loc":{"start":{"line":4996,"column":19},"end":{"line":4996,"column":54}},"type":"binary-expr","locations":[{"start":{"line":4996,"column":19},"end":{"line":4996,"column":40}},{"start":{"line":4996,"column":44},"end":{"line":4996,"column":54}}],"line":4996},"11":{"loc":{"start":{"line":5006,"column":2},"end":{"line":5009,"column":3}},"type":"if","locations":[{"start":{"line":5006,"column":2},"end":{"line":5009,"column":3}},{"start":{},"end":{}}],"line":5006},"12":{"loc":{"start":{"line":5017,"column":4},"end":{"line":5020,"column":20}},"type":"binary-expr","locations":[{"start":{"line":5017,"column":4},"end":{"line":5017,"column":19}},{"start":{"line":5018,"column":4},"end":{"line":5020,"column":20}}],"line":5017},"13":{"loc":{"start":{"line":5018,"column":21},"end":{"line":5018,"column":44}},"type":"binary-expr","locations":[{"start":{"line":5018,"column":21},"end":{"line":5018,"column":38}},{"start":{"line":5018,"column":42},"end":{"line":5018,"column":44}}],"line":5018},"14":{"loc":{"start":{"line":5018,"column":48},"end":{"line":5018,"column":73}},"type":"binary-expr","locations":[{"start":{"line":5018,"column":48},"end":{"line":5018,"column":67}},{"start":{"line":5018,"column":71},"end":{"line":5018,"column":73}}],"line":5018},"15":{"loc":{"start":{"line":5022,"column":2},"end":{"line":5030,"column":3}},"type":"if","locations":[{"start":{"line":5022,"column":2},"end":{"line":5030,"column":3}},{"start":{},"end":{}}],"line":5022},"16":{"loc":{"start":{"line":5023,"column":4},"end":{"line":5025,"column":33}},"type":"binary-expr","locations":[{"start":{"line":5023,"column":4},"end":{"line":5023,"column":22}},{"start":{"line":5024,"column":4},"end":{"line":5024,"column":26}},{"start":{"line":5025,"column":4},"end":{"line":5025,"column":33}}],"line":5023},"17":{"loc":{"start":{"line":5032,"column":26},"end":{"line":5034,"column":29}},"type":"cond-expr","locations":[{"start":{"line":5033,"column":6},"end":{"line":5033,"column":27}},{"start":{"line":5034,"column":6},"end":{"line":5034,"column":29}}],"line":5032},"18":{"loc":{"start":{"line":5037,"column":2},"end":{"line":5055,"column":3}},"type":"if","locations":[{"start":{"line":5037,"column":2},"end":{"line":5055,"column":3}},{"start":{},"end":{}}],"line":5037},"19":{"loc":{"start":{"line":5042,"column":13},"end":{"line":5042,"column":36}},"type":"binary-expr","locations":[{"start":{"line":5042,"column":13},"end":{"line":5042,"column":30}},{"start":{"line":5042,"column":34},"end":{"line":5042,"column":36}}],"line":5042},"20":{"loc":{"start":{"line":5044,"column":12},"end":{"line":5044,"column":36}},"type":"binary-expr","locations":[{"start":{"line":5044,"column":12},"end":{"line":5044,"column":28}},{"start":{"line":5044,"column":32},"end":{"line":5044,"column":36}}],"line":5044},"21":{"loc":{"start":{"line":5045,"column":11},"end":{"line":5045,"column":34}},"type":"binary-expr","locations":[{"start":{"line":5045,"column":11},"end":{"line":5045,"column":26}},{"start":{"line":5045,"column":30},"end":{"line":5045,"column":34}}],"line":5045},"22":{"loc":{"start":{"line":5046,"column":12},"end":{"line":5046,"column":36}},"type":"binary-expr","locations":[{"start":{"line":5046,"column":12},"end":{"line":5046,"column":28}},{"start":{"line":5046,"column":32},"end":{"line":5046,"column":36}}],"line":5046},"23":{"loc":{"start":{"line":5047,"column":15},"end":{"line":5047,"column":42}},"type":"binary-expr","locations":[{"start":{"line":5047,"column":15},"end":{"line":5047,"column":34}},{"start":{"line":5047,"column":38},"end":{"line":5047,"column":42}}],"line":5047},"24":{"loc":{"start":{"line":5048,"column":13},"end":{"line":5048,"column":38}},"type":"binary-expr","locations":[{"start":{"line":5048,"column":13},"end":{"line":5048,"column":30}},{"start":{"line":5048,"column":34},"end":{"line":5048,"column":38}}],"line":5048},"25":{"loc":{"start":{"line":5049,"column":16},"end":{"line":5049,"column":44}},"type":"binary-expr","locations":[{"start":{"line":5049,"column":16},"end":{"line":5049,"column":36}},{"start":{"line":5049,"column":40},"end":{"line":5049,"column":44}}],"line":5049},"26":{"loc":{"start":{"line":5050,"column":21},"end":{"line":5050,"column":54}},"type":"binary-expr","locations":[{"start":{"line":5050,"column":21},"end":{"line":5050,"column":46}},{"start":{"line":5050,"column":50},"end":{"line":5050,"column":54}}],"line":5050},"27":{"loc":{"start":{"line":5057,"column":2},"end":{"line":5060,"column":3}},"type":"if","locations":[{"start":{"line":5057,"column":2},"end":{"line":5060,"column":3}},{"start":{},"end":{}}],"line":5057},"28":{"loc":{"start":{"line":5085,"column":42},"end":{"line":5085,"column":65}},"type":"binary-expr","locations":[{"start":{"line":5085,"column":42},"end":{"line":5085,"column":59}},{"start":{"line":5085,"column":63},"end":{"line":5085,"column":65}}],"line":5085},"29":{"loc":{"start":{"line":5086,"column":18},"end":{"line":5086,"column":43}},"type":"binary-expr","locations":[{"start":{"line":5086,"column":18},"end":{"line":5086,"column":37}},{"start":{"line":5086,"column":41},"end":{"line":5086,"column":43}}],"line":5086},"30":{"loc":{"start":{"line":5092,"column":42},"end":{"line":5092,"column":65}},"type":"binary-expr","locations":[{"start":{"line":5092,"column":42},"end":{"line":5092,"column":59}},{"start":{"line":5092,"column":63},"end":{"line":5092,"column":65}}],"line":5092},"31":{"loc":{"start":{"line":5093,"column":18},"end":{"line":5093,"column":43}},"type":"binary-expr","locations":[{"start":{"line":5093,"column":18},"end":{"line":5093,"column":37}},{"start":{"line":5093,"column":41},"end":{"line":5093,"column":43}}],"line":5093}},"s":{"0":0,"1":0,"2":0,"3":0,"4":0,"5":0,"6":0,"7":0,"8":0,"9":0,"10":0,"11":0,"12":0,"13":0,"14":0,"15":0,"16":0,"17":0,"18":0,"19":0,"20":0,"21":0,"22":0,"23":0,"24":0,"25":0,"26":0,"27":0,"28":0,"29":0,"30":0,"31":0,"32":0,"33":0,"34":0,"35":0,"36":0,"37":0,"38":0,"39":0,"40":0,"41":0,"42":0,"43":0,"44":0,"45":0,"46":0,"47":0,"48":0,"49":0,"50":0,"51":0,"52":0,"53":0,"54":0,"55":0,"56":0,"57":0,"58":0,"59":0,"60":0,"61":0,"62":0,"63":0,"64":0,"65":0,"66":0,"67":0},"f":{"0":0,"1":0,"2":0,"3":0,"4":0,"5":0,"6":0,"7":0,"8":0},"b":{"0":[0,0],"1":[0,0],"2":[0,0],"3":[0,0],"4":[0,0],"5":[0,0],"6":[0,0],"7":[0,0],"8":[0,0],"9":[0,0],"10":[0,0],"11":[0,0],"12":[0,0],"13":[0,0],"14":[0,0],"15":[0,0],"16":[0,0,0],"17":[0,0],"18":[0,0],"19":[0,0],"20":[0,0],"21":[0,0],"22":[0,0],"23":[0,0],"24":[0,0],"25":[0,0],"26":[0,0],"27":[0,0],"28":[0,0],"29":[0,0],"30":[0,0],"31":[0,0]}}
,"/Users/yoanpetrov/Desktop/Code/Hi-Tech Store/Back/src/controllers/authController.js": {"path":"/Users/yoanpetrov/Desktop/Code/Hi-Tech Store/Back/src/controllers/authController.js","statementMap":{"0":{"start":{"line":218,"column":13},"end":{"line":218,"column":38}},"1":{"start":{"line":219,"column":20},"end":{"line":219,"column":49}},"2":{"start":{"line":220,"column":21},"end":{"line":220,"column":59}},"3":{"start":{"line":221,"column":17},"end":{"line":221,"column":45}},"4":{"start":{"line":222,"column":12},"end":{"line":222,"column":35}},"5":{"start":{"line":225,"column":22},"end":{"line":227,"column":1}},"6":{"start":{"line":226,"column":2},"end":{"line":226,"column":75}},"7":{"start":{"line":230,"column":0},"end":{"line":246,"column":3}},"8":{"start":{"line":231,"column":40},"end":{"line":231,"column":48}},"9":{"start":{"line":234,"column":23},"end":{"line":234,"column":77}},"10":{"start":{"line":235,"column":2},"end":{"line":237,"column":3}},"11":{"start":{"line":236,"column":4},"end":{"line":236,"column":71}},"12":{"start":{"line":240,"column":18},"end":{"line":240,"column":57}},"13":{"start":{"line":241,"column":2},"end":{"line":241,"column":23}},"14":{"start":{"line":244,"column":16},"end":{"line":244,"column":42}},"15":{"start":{"line":245,"column":2},"end":{"line":245,"column":90}},"16":{"start":{"line":249,"column":0},"end":{"line":267,"column":3}},"17":{"start":{"line":250,"column":30},"end":{"line":250,"column":38}},"18":{"start":{"line":253,"column":15},"end":{"line":253,"column":44}},"19":{"start":{"line":254,"column":2},"end":{"line":256,"column":3}},"20":{"start":{"line":255,"column":4},"end":{"line":255,"column":64}},"21":{"start":{"line":259,"column":18},"end":{"line":259,"column":52}},"22":{"start":{"line":260,"column":2},"end":{"line":262,"column":3}},"23":{"start":{"line":261,"column":4},"end":{"line":261,"column":64}},"24":{"start":{"line":265,"column":16},"end":{"line":265,"column":39}},"25":{"start":{"line":266,"column":2},"end":{"line":266,"column":102}},"26":{"start":{"line":270,"column":0},"end":{"line":298,"column":3}},"27":{"start":{"line":271,"column":15},"end":{"line":284,"column":6}},"28":{"start":{"line":286,"column":2},"end":{"line":288,"column":3}},"29":{"start":{"line":287,"column":4},"end":{"line":287,"column":53}},"30":{"start":{"line":290,"column":2},"end":{"line":297,"column":5}},"31":{"start":{"line":301,"column":0},"end":{"line":320,"column":3}},"32":{"start":{"line":302,"column":43},"end":{"line":302,"column":51}},"33":{"start":{"line":304,"column":15},"end":{"line":304,"column":51}},"34":{"start":{"line":305,"column":2},"end":{"line":307,"column":3}},"35":{"start":{"line":306,"column":4},"end":{"line":306,"column":53}},"36":{"start":{"line":310,"column":18},"end":{"line":310,"column":59}},"37":{"start":{"line":311,"column":2},"end":{"line":313,"column":3}},"38":{"start":{"line":312,"column":4},"end":{"line":312,"column":68}},"39":{"start":{"line":316,"column":2},"end":{"line":316,"column":30}},"40":{"start":{"line":317,"column":2},"end":{"line":317,"column":20}},"41":{"start":{"line":319,"column":2},"end":{"line":319,"column":69}},"42":{"start":{"line":323,"column":0},"end":{"line":336,"column":3}},"43":{"start":{"line":324,"column":36},"end":{"line":324,"column":44}},"44":{"start":{"line":325,"column":15},"end":{"line":325,"column":51}},"45":{"start":{"line":326,"column":2},"end":{"line":328,"column":3}},"46":{"start":{"line":327,"column":4},"end":{"line":327,"column":53}},"47":{"start":{"line":330,"column":2},"end":{"line":330,"column":32}},"48":{"start":{"line":330,"column":13},"end":{"line":330,"column":32}},"49":{"start":{"line":331,"column":2},"end":{"line":331,"column":41}},"50":{"start":{"line":331,"column":16},"end":{"line":331,"column":41}},"51":{"start":{"line":332,"column":2},"end":{"line":332,"column":29}},"52":{"start":{"line":332,"column":12},"end":{"line":332,"column":29}},"53":{"start":{"line":334,"column":2},"end":{"line":334,"column":20}},"54":{"start":{"line":335,"column":2},"end":{"line":335,"column":71}},"55":{"start":{"line":339,"column":0},"end":{"line":370,"column":3}},"56":{"start":{"line":340,"column":24},"end":{"line":340,"column":32}},"57":{"start":{"line":342,"column":2},"end":{"line":344,"column":3}},"58":{"start":{"line":343,"column":4},"end":{"line":343,"column":61}},"59":{"start":{"line":346,"column":2},"end":{"line":346,"column":48}},"60":{"start":{"line":348,"column":18},"end":{"line":348,"column":82}},"61":{"start":{"line":349,"column":2},"end":{"line":351,"column":3}},"62":{"start":{"line":350,"column":4},"end":{"line":350,"column":56}},"63":{"start":{"line":353,"column":15},"end":{"line":353,"column":51}},"64":{"start":{"line":354,"column":2},"end":{"line":356,"column":3}},"65":{"start":{"line":355,"column":4},"end":{"line":355,"column":53}},"66":{"start":{"line":359,"column":28},"end":{"line":359,"column":81}},"67":{"start":{"line":359,"column":54},"end":{"line":359,"column":80}},"68":{"start":{"line":360,"column":2},"end":{"line":362,"column":3}},"69":{"start":{"line":361,"column":4},"end":{"line":361,"column":76}},"70":{"start":{"line":364,"column":2},"end":{"line":364,"column":32}},"71":{"start":{"line":365,"column":2},"end":{"line":365,"column":20}},"72":{"start":{"line":367,"column":2},"end":{"line":367,"column":50}},"73":{"start":{"line":369,"column":2},"end":{"line":369,"column":90}},"74":{"start":{"line":373,"column":0},"end":{"line":388,"column":3}},"75":{"start":{"line":374,"column":24},"end":{"line":374,"column":34}},"76":{"start":{"line":375,"column":2},"end":{"line":377,"column":3}},"77":{"start":{"line":376,"column":4},"end":{"line":376,"column":61}},"78":{"start":{"line":379,"column":15},"end":{"line":379,"column":51}},"79":{"start":{"line":380,"column":2},"end":{"line":382,"column":3}},"80":{"start":{"line":381,"column":4},"end":{"line":381,"column":53}},"81":{"start":{"line":384,"column":2},"end":{"line":384,"column":74}},"82":{"start":{"line":384,"column":45},"end":{"line":384,"column":72}},"83":{"start":{"line":385,"column":2},"end":{"line":385,"column":20}},"84":{"start":{"line":387,"column":2},"end":{"line":387,"column":69}},"85":{"start":{"line":391,"column":0},"end":{"line":412,"column":3}},"86":{"start":{"line":392,"column":17},"end":{"line":392,"column":33}},"87":{"start":{"line":394,"column":2},"end":{"line":396,"column":3}},"88":{"start":{"line":395,"column":4},"end":{"line":395,"column":57}},"89":{"start":{"line":398,"column":2},"end":{"line":398,"column":55}},"90":{"start":{"line":400,"column":15},"end":{"line":403,"column":4}},"91":{"start":{"line":405,"column":2},"end":{"line":407,"column":3}},"92":{"start":{"line":406,"column":4},"end":{"line":406,"column":53}},"93":{"start":{"line":409,"column":2},"end":{"line":409,"column":50}},"94":{"start":{"line":411,"column":2},"end":{"line":411,"column":52}}},"fnMap":{"0":{"name":"(anonymous_0)","decl":{"start":{"line":225,"column":22},"end":{"line":225,"column":23}},"loc":{"start":{"line":225,"column":34},"end":{"line":227,"column":1}},"line":225},"1":{"name":"(anonymous_1)","decl":{"start":{"line":230,"column":36},"end":{"line":230,"column":37}},"loc":{"start":{"line":230,"column":62},"end":{"line":246,"column":1}},"line":230},"2":{"name":"(anonymous_2)","decl":{"start":{"line":249,"column":33},"end":{"line":249,"column":34}},"loc":{"start":{"line":249,"column":59},"end":{"line":267,"column":1}},"line":249},"3":{"name":"(anonymous_3)","decl":{"start":{"line":270,"column":34},"end":{"line":270,"column":35}},"loc":{"start":{"line":270,"column":60},"end":{"line":298,"column":1}},"line":270},"4":{"name":"(anonymous_4)","decl":{"start":{"line":301,"column":38},"end":{"line":301,"column":39}},"loc":{"start":{"line":301,"column":64},"end":{"line":320,"column":1}},"line":301},"5":{"name":"(anonymous_5)","decl":{"start":{"line":323,"column":34},"end":{"line":323,"column":35}},"loc":{"start":{"line":323,"column":60},"end":{"line":336,"column":1}},"line":323},"6":{"name":"(anonymous_6)","decl":{"start":{"line":339,"column":41},"end":{"line":339,"column":42}},"loc":{"start":{"line":339,"column":67},"end":{"line":370,"column":1}},"line":339},"7":{"name":"(anonymous_7)","decl":{"start":{"line":359,"column":47},"end":{"line":359,"column":48}},"loc":{"start":{"line":359,"column":54},"end":{"line":359,"column":80}},"line":359},"8":{"name":"(anonymous_8)","decl":{"start":{"line":373,"column":46},"end":{"line":373,"column":47}},"loc":{"start":{"line":373,"column":72},"end":{"line":388,"column":1}},"line":373},"9":{"name":"(anonymous_9)","decl":{"start":{"line":384,"column":39},"end":{"line":384,"column":40}},"loc":{"start":{"line":384,"column":45},"end":{"line":384,"column":72}},"line":384},"10":{"name":"(anonymous_10)","decl":{"start":{"line":391,"column":39},"end":{"line":391,"column":40}},"loc":{"start":{"line":391,"column":65},"end":{"line":412,"column":1}},"line":391}},"branchMap":{"0":{"loc":{"start":{"line":235,"column":2},"end":{"line":237,"column":3}},"type":"if","locations":[{"start":{"line":235,"column":2},"end":{"line":237,"column":3}},{"start":{},"end":{}}],"line":235},"1":{"loc":{"start":{"line":254,"column":2},"end":{"line":256,"column":3}},"type":"if","locations":[{"start":{"line":254,"column":2},"end":{"line":256,"column":3}},{"start":{},"end":{}}],"line":254},"2":{"loc":{"start":{"line":260,"column":2},"end":{"line":262,"column":3}},"type":"if","locations":[{"start":{"line":260,"column":2},"end":{"line":262,"column":3}},{"start":{},"end":{}}],"line":260},"3":{"loc":{"start":{"line":286,"column":2},"end":{"line":288,"column":3}},"type":"if","locations":[{"start":{"line":286,"column":2},"end":{"line":288,"column":3}},{"start":{},"end":{}}],"line":286},"4":{"loc":{"start":{"line":295,"column":14},"end":{"line":295,"column":33}},"type":"binary-expr","locations":[{"start":{"line":295,"column":14},"end":{"line":295,"column":27}},{"start":{"line":295,"column":31},"end":{"line":295,"column":33}}],"line":295},"5":{"loc":{"start":{"line":296,"column":12},"end":{"line":296,"column":29}},"type":"binary-expr","locations":[{"start":{"line":296,"column":12},"end":{"line":296,"column":23}},{"start":{"line":296,"column":27},"end":{"line":296,"column":29}}],"line":296},"6":{"loc":{"start":{"line":305,"column":2},"end":{"line":307,"column":3}},"type":"if","locations":[{"start":{"line":305,"column":2},"end":{"line":307,"column":3}},{"start":{},"end":{}}],"line":305},"7":{"loc":{"start":{"line":311,"column":2},"end":{"line":313,"column":3}},"type":"if","locations":[{"start":{"line":311,"column":2},"end":{"line":313,"column":3}},{"start":{},"end":{}}],"line":311},"8":{"loc":{"start":{"line":326,"column":2},"end":{"line":328,"column":3}},"type":"if","locations":[{"start":{"line":326,"column":2},"end":{"line":328,"column":3}},{"start":{},"end":{}}],"line":326},"9":{"loc":{"start":{"line":330,"column":2},"end":{"line":330,"column":32}},"type":"if","locations":[{"start":{"line":330,"column":2},"end":{"line":330,"column":32}},{"start":{},"end":{}}],"line":330},"10":{"loc":{"start":{"line":331,"column":2},"end":{"line":331,"column":41}},"type":"if","locations":[{"start":{"line":331,"column":2},"end":{"line":331,"column":41}},{"start":{},"end":{}}],"line":331},"11":{"loc":{"start":{"line":332,"column":2},"end":{"line":332,"column":29}},"type":"if","locations":[{"start":{"line":332,"column":2},"end":{"line":332,"column":29}},{"start":{},"end":{}}],"line":332},"12":{"loc":{"start":{"line":342,"column":2},"end":{"line":344,"column":3}},"type":"if","locations":[{"start":{"line":342,"column":2},"end":{"line":344,"column":3}},{"start":{},"end":{}}],"line":342},"13":{"loc":{"start":{"line":349,"column":2},"end":{"line":351,"column":3}},"type":"if","locations":[{"start":{"line":349,"column":2},"end":{"line":351,"column":3}},{"start":{},"end":{}}],"line":349},"14":{"loc":{"start":{"line":354,"column":2},"end":{"line":356,"column":3}},"type":"if","locations":[{"start":{"line":354,"column":2},"end":{"line":356,"column":3}},{"start":{},"end":{}}],"line":354},"15":{"loc":{"start":{"line":360,"column":2},"end":{"line":362,"column":3}},"type":"if","locations":[{"start":{"line":360,"column":2},"end":{"line":362,"column":3}},{"start":{},"end":{}}],"line":360},"16":{"loc":{"start":{"line":375,"column":2},"end":{"line":377,"column":3}},"type":"if","locations":[{"start":{"line":375,"column":2},"end":{"line":377,"column":3}},{"start":{},"end":{}}],"line":375},"17":{"loc":{"start":{"line":380,"column":2},"end":{"line":382,"column":3}},"type":"if","locations":[{"start":{"line":380,"column":2},"end":{"line":382,"column":3}},{"start":{},"end":{}}],"line":380},"18":{"loc":{"start":{"line":394,"column":2},"end":{"line":396,"column":3}},"type":"if","locations":[{"start":{"line":394,"column":2},"end":{"line":396,"column":3}},{"start":{},"end":{}}],"line":394},"19":{"loc":{"start":{"line":405,"column":2},"end":{"line":407,"column":3}},"type":"if","locations":[{"start":{"line":405,"column":2},"end":{"line":407,"column":3}},{"start":{},"end":{}}],"line":405}},"s":{"0":2,"1":2,"2":2,"3":2,"4":2,"5":2,"6":4,"7":2,"8":1,"9":1,"10":1,"11":0,"12":1,"13":1,"14":1,"15":1,"16":2,"17":4,"18":4,"19":4,"20":1,"21":3,"22":3,"23":0,"24":3,"25":3,"26":2,"27":0,"28":0,"29":0,"30":0,"31":2,"32":0,"33":0,"34":0,"35":0,"36":0,"37":0,"38":0,"39":0,"40":0,"41":0,"42":2,"43":0,"44":0,"45":0,"46":0,"47":0,"48":0,"49":0,"50":0,"51":0,"52":0,"53":0,"54":0,"55":2,"56":0,"57":0,"58":0,"59":0,"60":0,"61":0,"62":0,"63":0,"64":0,"65":0,"66":0,"67":0,"68":0,"69":0,"70":0,"71":0,"72":0,"73":0,"74":2,"75":0,"76":0,"77":0,"78":0,"79":0,"80":0,"81":0,"82":0,"83":0,"84":0,"85":2,"86":0,"87":0,"88":0,"89":0,"90":0,"91":0,"92":0,"93":0,"94":0},"f":{"0":4,"1":1,"2":4,"3":0,"4":0,"5":0,"6":0,"7":0,"8":0,"9":0,"10":0},"b":{"0":[0,1],"1":[1,3],"2":[0,3],"3":[0,0],"4":[0,0],"5":[0,0],"6":[0,0],"7":[0,0],"8":[0,0],"9":[0,0],"10":[0,0],"11":[0,0],"12":[0,0],"13":[0,0],"14":[0,0],"15":[0,0],"16":[0,0],"17":[0,0],"18":[0,0],"19":[0,0]},"_coverageSchema":"1a1c01bbd47fc00a2c39e90264f33305004495a9","hash":"87a784636fe008c7cae49dadb81977b0aa9c0ac2"}
,"/Users/yoanpetrov/Desktop/Code/Hi-Tech Store/Back/src/controllers/brandController.js": {"path":"/Users/yoanpetrov/Desktop/Code/Hi-Tech Store/Back/src/controllers/brandController.js","statementMap":{"0":{"start":{"line":2,"column":25},"end":{"line":2,"column":54}},"1":{"start":{"line":3,"column":21},"end":{"line":3,"column":59}},"2":{"start":{"line":4,"column":17},"end":{"line":4,"column":45}},"3":{"start":{"line":7,"column":0},"end":{"line":14,"column":3}},"4":{"start":{"line":8,"column":25},"end":{"line":8,"column":35}},"5":{"start":{"line":10,"column":17},"end":{"line":10,"column":68}},"6":{"start":{"line":11,"column":2},"end":{"line":11,"column":84}},"7":{"start":{"line":11,"column":22},"end":{"line":11,"column":84}},"8":{"start":{"line":13,"column":2},"end":{"line":13,"column":56}},"9":{"start":{"line":17,"column":0},"end":{"line":24,"column":3}},"10":{"start":{"line":18,"column":22},"end":{"line":18,"column":32}},"11":{"start":{"line":20,"column":17},"end":{"line":20,"column":46}},"12":{"start":{"line":21,"column":2},"end":{"line":21,"column":81}},"13":{"start":{"line":21,"column":22},"end":{"line":21,"column":81}},"14":{"start":{"line":23,"column":2},"end":{"line":23,"column":56}},"15":{"start":{"line":27,"column":0},"end":{"line":32,"column":3}},"16":{"start":{"line":28,"column":16},"end":{"line":28,"column":56}},"17":{"start":{"line":29,"column":2},"end":{"line":29,"column":57}},"18":{"start":{"line":29,"column":14},"end":{"line":29,"column":57}},"19":{"start":{"line":31,"column":2},"end":{"line":31,"column":55}},"20":{"start":{"line":35,"column":0},"end":{"line":40,"column":3}},"21":{"start":{"line":36,"column":25},"end":{"line":36,"column":35}},"22":{"start":{"line":38,"column":16},"end":{"line":38,"column":63}},"23":{"start":{"line":39,"column":2},"end":{"line":39,"column":55}},"24":{"start":{"line":43,"column":0},"end":{"line":50,"column":3}},"25":{"start":{"line":44,"column":22},"end":{"line":44,"column":32}},"26":{"start":{"line":46,"column":23},"end":{"line":46,"column":107}},"27":{"start":{"line":47,"column":2},"end":{"line":47,"column":64}},"28":{"start":{"line":47,"column":21},"end":{"line":47,"column":64}},"29":{"start":{"line":49,"column":2},"end":{"line":49,"column":62}},"30":{"start":{"line":53,"column":0},"end":{"line":60,"column":3}},"31":{"start":{"line":54,"column":22},"end":{"line":54,"column":32}},"32":{"start":{"line":56,"column":23},"end":{"line":56,"column":61}},"33":{"start":{"line":57,"column":2},"end":{"line":57,"column":64}},"34":{"start":{"line":57,"column":21},"end":{"line":57,"column":64}},"35":{"start":{"line":59,"column":2},"end":{"line":59,"column":81}}},"fnMap":{"0":{"name":"(anonymous_0)","decl":{"start":{"line":7,"column":45},"end":{"line":7,"column":46}},"loc":{"start":{"line":7,"column":65},"end":{"line":14,"column":1}},"line":7},"1":{"name":"(anonymous_1)","decl":{"start":{"line":17,"column":42},"end":{"line":17,"column":43}},"loc":{"start":{"line":17,"column":62},"end":{"line":24,"column":1}},"line":17},"2":{"name":"(anonymous_2)","decl":{"start":{"line":27,"column":36},"end":{"line":27,"column":37}},"loc":{"start":{"line":27,"column":56},"end":{"line":32,"column":1}},"line":27},"3":{"name":"(anonymous_3)","decl":{"start":{"line":35,"column":35},"end":{"line":35,"column":36}},"loc":{"start":{"line":35,"column":55},"end":{"line":40,"column":1}},"line":35},"4":{"name":"(anonymous_4)","decl":{"start":{"line":43,"column":35},"end":{"line":43,"column":36}},"loc":{"start":{"line":43,"column":55},"end":{"line":50,"column":1}},"line":43},"5":{"name":"(anonymous_5)","decl":{"start":{"line":53,"column":35},"end":{"line":53,"column":36}},"loc":{"start":{"line":53,"column":55},"end":{"line":60,"column":1}},"line":53}},"branchMap":{"0":{"loc":{"start":{"line":11,"column":2},"end":{"line":11,"column":84}},"type":"if","locations":[{"start":{"line":11,"column":2},"end":{"line":11,"column":84}},{"start":{},"end":{}}],"line":11},"1":{"loc":{"start":{"line":21,"column":2},"end":{"line":21,"column":81}},"type":"if","locations":[{"start":{"line":21,"column":2},"end":{"line":21,"column":81}},{"start":{},"end":{}}],"line":21},"2":{"loc":{"start":{"line":29,"column":2},"end":{"line":29,"column":57}},"type":"if","locations":[{"start":{"line":29,"column":2},"end":{"line":29,"column":57}},{"start":{},"end":{}}],"line":29},"3":{"loc":{"start":{"line":47,"column":2},"end":{"line":47,"column":64}},"type":"if","locations":[{"start":{"line":47,"column":2},"end":{"line":47,"column":64}},{"start":{},"end":{}}],"line":47},"4":{"loc":{"start":{"line":57,"column":2},"end":{"line":57,"column":64}},"type":"if","locations":[{"start":{"line":57,"column":2},"end":{"line":57,"column":64}},{"start":{},"end":{}}],"line":57}},"s":{"0":2,"1":2,"2":2,"3":2,"4":0,"5":0,"6":0,"7":0,"8":0,"9":2,"10":0,"11":0,"12":0,"13":0,"14":0,"15":2,"16":0,"17":0,"18":0,"19":0,"20":2,"21":0,"22":0,"23":0,"24":2,"25":0,"26":0,"27":0,"28":0,"29":0,"30":2,"31":0,"32":0,"33":0,"34":0,"35":0},"f":{"0":0,"1":0,"2":0,"3":0,"4":0,"5":0},"b":{"0":[0,0],"1":[0,0],"2":[0,0],"3":[0,0],"4":[0,0]},"_coverageSchema":"1a1c01bbd47fc00a2c39e90264f33305004495a9","hash":"18b22e948ec4345feb7d00cba3bddb779aac7973"}
,"/Users/yoanpetrov/Desktop/Code/Hi-Tech Store/Back/src/controllers/cartController.js": {"path":"/Users/yoanpetrov/Desktop/Code/Hi-Tech Store/Back/src/controllers/cartController.js","statementMap":{"0":{"start":{"line":2,"column":13},"end":{"line":2,"column":38}},"1":{"start":{"line":3,"column":20},"end":{"line":3,"column":49}},"2":{"start":{"line":4,"column":21},"end":{"line":4,"column":59}},"3":{"start":{"line":5,"column":17},"end":{"line":5,"column":45}},"4":{"start":{"line":8,"column":0},"end":{"line":33,"column":3}},"5":{"start":{"line":9,"column":34},"end":{"line":9,"column":42}},"6":{"start":{"line":11,"column":2},"end":{"line":12,"column":61}},"7":{"start":{"line":12,"column":4},"end":{"line":12,"column":61}},"8":{"start":{"line":14,"column":18},"end":{"line":14,"column":51}},"9":{"start":{"line":15,"column":2},"end":{"line":15,"column":61}},"10":{"start":{"line":15,"column":16},"end":{"line":15,"column":61}},"11":{"start":{"line":16,"column":2},"end":{"line":17,"column":60}},"12":{"start":{"line":17,"column":4},"end":{"line":17,"column":60}},"13":{"start":{"line":19,"column":13},"end":{"line":19,"column":55}},"14":{"start":{"line":20,"column":2},"end":{"line":20,"column":64}},"15":{"start":{"line":20,"column":13},"end":{"line":20,"column":64}},"16":{"start":{"line":22,"column":23},"end":{"line":24,"column":3}},"17":{"start":{"line":23,"column":14},"end":{"line":23,"column":51}},"18":{"start":{"line":25,"column":2},"end":{"line":29,"column":3}},"19":{"start":{"line":26,"column":4},"end":{"line":26,"column":38}},"20":{"start":{"line":28,"column":4},"end":{"line":28,"column":54}},"21":{"start":{"line":31,"column":2},"end":{"line":31,"column":20}},"22":{"start":{"line":32,"column":2},"end":{"line":32,"column":48}},"23":{"start":{"line":36,"column":0},"end":{"line":42,"column":3}},"24":{"start":{"line":37,"column":15},"end":{"line":40,"column":3}},"25":{"start":{"line":41,"column":2},"end":{"line":41,"column":73}},"26":{"start":{"line":45,"column":0},"end":{"line":48,"column":3}},"27":{"start":{"line":46,"column":2},"end":{"line":46,"column":72}},"28":{"start":{"line":47,"column":2},"end":{"line":47,"column":67}}},"fnMap":{"0":{"name":"(anonymous_0)","decl":{"start":{"line":8,"column":33},"end":{"line":8,"column":34}},"loc":{"start":{"line":8,"column":53},"end":{"line":33,"column":1}},"line":8},"1":{"name":"(anonymous_1)","decl":{"start":{"line":23,"column":4},"end":{"line":23,"column":5}},"loc":{"start":{"line":23,"column":14},"end":{"line":23,"column":51}},"line":23},"2":{"name":"(anonymous_2)","decl":{"start":{"line":36,"column":31},"end":{"line":36,"column":32}},"loc":{"start":{"line":36,"column":51},"end":{"line":42,"column":1}},"line":36},"3":{"name":"(anonymous_3)","decl":{"start":{"line":45,"column":33},"end":{"line":45,"column":34}},"loc":{"start":{"line":45,"column":53},"end":{"line":48,"column":1}},"line":45}},"branchMap":{"0":{"loc":{"start":{"line":11,"column":2},"end":{"line":12,"column":61}},"type":"if","locations":[{"start":{"line":11,"column":2},"end":{"line":12,"column":61}},{"start":{},"end":{}}],"line":11},"1":{"loc":{"start":{"line":11,"column":6},"end":{"line":11,"column":32}},"type":"binary-expr","locations":[{"start":{"line":11,"column":6},"end":{"line":11,"column":16}},{"start":{"line":11,"column":20},"end":{"line":11,"column":32}}],"line":11},"2":{"loc":{"start":{"line":15,"column":2},"end":{"line":15,"column":61}},"type":"if","locations":[{"start":{"line":15,"column":2},"end":{"line":15,"column":61}},{"start":{},"end":{}}],"line":15},"3":{"loc":{"start":{"line":16,"column":2},"end":{"line":17,"column":60}},"type":"if","locations":[{"start":{"line":16,"column":2},"end":{"line":17,"column":60}},{"start":{},"end":{}}],"line":16},"4":{"loc":{"start":{"line":20,"column":2},"end":{"line":20,"column":64}},"type":"if","locations":[{"start":{"line":20,"column":2},"end":{"line":20,"column":64}},{"start":{},"end":{}}],"line":20},"5":{"loc":{"start":{"line":25,"column":2},"end":{"line":29,"column":3}},"type":"if","locations":[{"start":{"line":25,"column":2},"end":{"line":29,"column":3}},{"start":{"line":27,"column":9},"end":{"line":29,"column":3}}],"line":25},"6":{"loc":{"start":{"line":41,"column":47},"end":{"line":41,"column":69}},"type":"cond-expr","locations":[{"start":{"line":41,"column":54},"end":{"line":41,"column":64}},{"start":{"line":41,"column":67},"end":{"line":41,"column":69}}],"line":41}},"s":{"0":2,"1":2,"2":2,"3":2,"4":2,"5":0,"6":0,"7":0,"8":0,"9":0,"10":0,"11":0,"12":0,"13":0,"14":0,"15":0,"16":0,"17":0,"18":0,"19":0,"20":0,"21":0,"22":0,"23":2,"24":0,"25":0,"26":2,"27":0,"28":0},"f":{"0":0,"1":0,"2":0,"3":0},"b":{"0":[0,0],"1":[0,0],"2":[0,0],"3":[0,0],"4":[0,0],"5":[0,0],"6":[0,0]},"_coverageSchema":"1a1c01bbd47fc00a2c39e90264f33305004495a9","hash":"4fc8ba5883a3791e96df1aa253d3edafb8d34648"}
,"/Users/yoanpetrov/Desktop/Code/Hi-Tech Store/Back/src/controllers/categoryController.js": {"path":"/Users/yoanpetrov/Desktop/Code/Hi-Tech Store/Back/src/controllers/categoryController.js","statementMap":{"0":{"start":{"line":2,"column":28},"end":{"line":2,"column":57}},"1":{"start":{"line":3,"column":20},"end":{"line":3,"column":51}},"2":{"start":{"line":4,"column":21},"end":{"line":4,"column":59}},"3":{"start":{"line":6,"column":0},"end":{"line":34,"column":3}},"4":{"start":{"line":7,"column":19},"end":{"line":7,"column":35}},"5":{"start":{"line":9,"column":2},"end":{"line":33,"column":3}},"6":{"start":{"line":10,"column":29},"end":{"line":10,"column":60}},"7":{"start":{"line":11,"column":4},"end":{"line":13,"column":5}},"8":{"start":{"line":12,"column":6},"end":{"line":12,"column":64}},"9":{"start":{"line":16,"column":23},"end":{"line":18,"column":5}},"10":{"start":{"line":19,"column":21},"end":{"line":22,"column":5}},"11":{"start":{"line":24,"column":4},"end":{"line":24,"column":73}},"12":{"start":{"line":26,"column":4},"end":{"line":26,"column":35}},"13":{"start":{"line":28,"column":4},"end":{"line":28,"column":55}},"14":{"start":{"line":29,"column":4},"end":{"line":32,"column":7}},"15":{"start":{"line":37,"column":0},"end":{"line":57,"column":3}},"16":{"start":{"line":38,"column":25},"end":{"line":38,"column":35}},"17":{"start":{"line":40,"column":2},"end":{"line":44,"column":3}},"18":{"start":{"line":41,"column":4},"end":{"line":43,"column":68}},"19":{"start":{"line":46,"column":17},"end":{"line":48,"column":3}},"20":{"start":{"line":50,"column":2},"end":{"line":54,"column":3}},"21":{"start":{"line":51,"column":4},"end":{"line":53,"column":78}},"22":{"start":{"line":56,"column":2},"end":{"line":56,"column":56}},"23":{"start":{"line":60,"column":0},"end":{"line":66,"column":3}},"24":{"start":{"line":61,"column":19},"end":{"line":63,"column":3}},"25":{"start":{"line":64,"column":2},"end":{"line":64,"column":63}},"26":{"start":{"line":64,"column":17},"end":{"line":64,"column":63}},"27":{"start":{"line":65,"column":2},"end":{"line":65,"column":58}},"28":{"start":{"line":69,"column":0},"end":{"line":75,"column":3}},"29":{"start":{"line":70,"column":2},"end":{"line":70,"column":70}},"30":{"start":{"line":71,"column":17},"end":{"line":73,"column":3}},"31":{"start":{"line":74,"column":2},"end":{"line":74,"column":56}},"32":{"start":{"line":78,"column":0},"end":{"line":81,"column":3}},"33":{"start":{"line":79,"column":19},"end":{"line":79,"column":50}},"34":{"start":{"line":80,"column":2},"end":{"line":80,"column":58}},"35":{"start":{"line":84,"column":0},"end":{"line":92,"column":3}},"36":{"start":{"line":85,"column":19},"end":{"line":89,"column":3}},"37":{"start":{"line":90,"column":2},"end":{"line":90,"column":63}},"38":{"start":{"line":90,"column":17},"end":{"line":90,"column":63}},"39":{"start":{"line":91,"column":2},"end":{"line":91,"column":58}},"40":{"start":{"line":95,"column":0},"end":{"line":99,"column":3}},"41":{"start":{"line":96,"column":19},"end":{"line":96,"column":74}},"42":{"start":{"line":97,"column":2},"end":{"line":97,"column":63}},"43":{"start":{"line":97,"column":17},"end":{"line":97,"column":63}},"44":{"start":{"line":98,"column":2},"end":{"line":98,"column":71}}},"fnMap":{"0":{"name":"(anonymous_0)","decl":{"start":{"line":6,"column":37},"end":{"line":6,"column":38}},"loc":{"start":{"line":6,"column":57},"end":{"line":34,"column":1}},"line":6},"1":{"name":"(anonymous_1)","decl":{"start":{"line":37,"column":46},"end":{"line":37,"column":47}},"loc":{"start":{"line":37,"column":72},"end":{"line":57,"column":1}},"line":37},"2":{"name":"(anonymous_2)","decl":{"start":{"line":60,"column":45},"end":{"line":60,"column":46}},"loc":{"start":{"line":60,"column":65},"end":{"line":66,"column":1}},"line":60},"3":{"name":"(anonymous_3)","decl":{"start":{"line":69,"column":43},"end":{"line":69,"column":44}},"loc":{"start":{"line":69,"column":63},"end":{"line":75,"column":1}},"line":69},"4":{"name":"(anonymous_4)","decl":{"start":{"line":78,"column":38},"end":{"line":78,"column":39}},"loc":{"start":{"line":78,"column":58},"end":{"line":81,"column":1}},"line":78},"5":{"name":"(anonymous_5)","decl":{"start":{"line":84,"column":38},"end":{"line":84,"column":39}},"loc":{"start":{"line":84,"column":58},"end":{"line":92,"column":1}},"line":84},"6":{"name":"(anonymous_6)","decl":{"start":{"line":95,"column":38},"end":{"line":95,"column":39}},"loc":{"start":{"line":95,"column":58},"end":{"line":99,"column":1}},"line":95}},"branchMap":{"0":{"loc":{"start":{"line":11,"column":4},"end":{"line":13,"column":5}},"type":"if","locations":[{"start":{"line":11,"column":4},"end":{"line":13,"column":5}},{"start":{},"end":{}}],"line":11},"1":{"loc":{"start":{"line":40,"column":2},"end":{"line":44,"column":3}},"type":"if","locations":[{"start":{"line":40,"column":2},"end":{"line":44,"column":3}},{"start":{},"end":{}}],"line":40},"2":{"loc":{"start":{"line":50,"column":2},"end":{"line":54,"column":3}},"type":"if","locations":[{"start":{"line":50,"column":2},"end":{"line":54,"column":3}},{"start":{},"end":{}}],"line":50},"3":{"loc":{"start":{"line":50,"column":6},"end":{"line":50,"column":36}},"type":"binary-expr","locations":[{"start":{"line":50,"column":6},"end":{"line":50,"column":13}},{"start":{"line":50,"column":17},"end":{"line":50,"column":36}}],"line":50},"4":{"loc":{"start":{"line":64,"column":2},"end":{"line":64,"column":63}},"type":"if","locations":[{"start":{"line":64,"column":2},"end":{"line":64,"column":63}},{"start":{},"end":{}}],"line":64},"5":{"loc":{"start":{"line":90,"column":2},"end":{"line":90,"column":63}},"type":"if","locations":[{"start":{"line":90,"column":2},"end":{"line":90,"column":63}},{"start":{},"end":{}}],"line":90},"6":{"loc":{"start":{"line":97,"column":2},"end":{"line":97,"column":63}},"type":"if","locations":[{"start":{"line":97,"column":2},"end":{"line":97,"column":63}},{"start":{},"end":{}}],"line":97}},"s":{"0":2,"1":2,"2":2,"3":2,"4":0,"5":0,"6":0,"7":0,"8":0,"9":0,"10":0,"11":0,"12":0,"13":0,"14":0,"15":2,"16":0,"17":0,"18":0,"19":0,"20":0,"21":0,"22":0,"23":2,"24":0,"25":0,"26":0,"27":0,"28":2,"29":0,"30":0,"31":0,"32":2,"33":0,"34":0,"35":2,"36":0,"37":0,"38":0,"39":0,"40":2,"41":0,"42":0,"43":0,"44":0},"f":{"0":0,"1":0,"2":0,"3":0,"4":0,"5":0,"6":0},"b":{"0":[0,0],"1":[0,0],"2":[0,0],"3":[0,0],"4":[0,0],"5":[0,0],"6":[0,0]},"_coverageSchema":"1a1c01bbd47fc00a2c39e90264f33305004495a9","hash":"f34ead00081846eb7f1e771d8ae013ee1a45893c"}
,"/Users/yoanpetrov/Desktop/Code/Hi-Tech Store/Back/src/controllers/modelController.js": {"path":"/Users/yoanpetrov/Desktop/Code/Hi-Tech Store/Back/src/controllers/modelController.js","statementMap":{"0":{"start":{"line":2,"column":18},"end":{"line":2,"column":47}},"1":{"start":{"line":3,"column":17},"end":{"line":3,"column":45}},"2":{"start":{"line":4,"column":21},"end":{"line":4,"column":59}},"3":{"start":{"line":7,"column":0},"end":{"line":12,"column":3}},"4":{"start":{"line":8,"column":17},"end":{"line":10,"column":3}},"5":{"start":{"line":11,"column":2},"end":{"line":11,"column":56}},"6":{"start":{"line":15,"column":0},"end":{"line":21,"column":3}},"7":{"start":{"line":16,"column":16},"end":{"line":16,"column":77}},"8":{"start":{"line":18,"column":2},"end":{"line":18,"column":64}},"9":{"start":{"line":18,"column":14},"end":{"line":18,"column":64}},"10":{"start":{"line":20,"column":2},"end":{"line":20,"column":55}},"11":{"start":{"line":24,"column":0},"end":{"line":41,"column":3}},"12":{"start":{"line":25,"column":17},"end":{"line":30,"column":6}},"13":{"start":{"line":32,"column":31},"end":{"line":38,"column":4}},"14":{"start":{"line":33,"column":23},"end":{"line":35,"column":12}},"15":{"start":{"line":34,"column":46},"end":{"line":34,"column":53}},"16":{"start":{"line":37,"column":4},"end":{"line":37,"column":47}},"17":{"start":{"line":40,"column":2},"end":{"line":40,"column":70}},"18":{"start":{"line":44,"column":0},"end":{"line":64,"column":3}},"19":{"start":{"line":45,"column":25},"end":{"line":45,"column":35}},"20":{"start":{"line":47,"column":2},"end":{"line":51,"column":3}},"21":{"start":{"line":48,"column":4},"end":{"line":50,"column":68}},"22":{"start":{"line":53,"column":17},"end":{"line":55,"column":3}},"23":{"start":{"line":57,"column":2},"end":{"line":61,"column":3}},"24":{"start":{"line":58,"column":4},"end":{"line":60,"column":78}},"25":{"start":{"line":63,"column":2},"end":{"line":63,"column":56}},"26":{"start":{"line":67,"column":0},"end":{"line":71,"column":3}},"27":{"start":{"line":68,"column":16},"end":{"line":68,"column":71}},"28":{"start":{"line":69,"column":2},"end":{"line":69,"column":21}},"29":{"start":{"line":70,"column":2},"end":{"line":70,"column":55}},"30":{"start":{"line":74,"column":0},"end":{"line":80,"column":3}},"31":{"start":{"line":75,"column":16},"end":{"line":77,"column":4}},"32":{"start":{"line":78,"column":2},"end":{"line":78,"column":57}},"33":{"start":{"line":78,"column":14},"end":{"line":78,"column":57}},"34":{"start":{"line":79,"column":2},"end":{"line":79,"column":55}},"35":{"start":{"line":83,"column":0},"end":{"line":87,"column":3}},"36":{"start":{"line":84,"column":16},"end":{"line":84,"column":65}},"37":{"start":{"line":85,"column":2},"end":{"line":85,"column":57}},"38":{"start":{"line":85,"column":14},"end":{"line":85,"column":57}},"39":{"start":{"line":86,"column":2},"end":{"line":86,"column":68}}},"fnMap":{"0":{"name":"(anonymous_0)","decl":{"start":{"line":7,"column":33},"end":{"line":7,"column":34}},"loc":{"start":{"line":7,"column":53},"end":{"line":12,"column":1}},"line":7},"1":{"name":"(anonymous_1)","decl":{"start":{"line":15,"column":36},"end":{"line":15,"column":37}},"loc":{"start":{"line":15,"column":62},"end":{"line":21,"column":1}},"line":15},"2":{"name":"(anonymous_2)","decl":{"start":{"line":24,"column":47},"end":{"line":24,"column":48}},"loc":{"start":{"line":24,"column":67},"end":{"line":41,"column":1}},"line":24},"3":{"name":"(anonymous_3)","decl":{"start":{"line":32,"column":42},"end":{"line":32,"column":43}},"loc":{"start":{"line":32,"column":53},"end":{"line":38,"column":3}},"line":32},"4":{"name":"(anonymous_4)","decl":{"start":{"line":34,"column":39},"end":{"line":34,"column":40}},"loc":{"start":{"line":34,"column":46},"end":{"line":34,"column":53}},"line":34},"5":{"name":"(anonymous_5)","decl":{"start":{"line":44,"column":43},"end":{"line":44,"column":44}},"loc":{"start":{"line":44,"column":69},"end":{"line":64,"column":1}},"line":44},"6":{"name":"(anonymous_6)","decl":{"start":{"line":67,"column":35},"end":{"line":67,"column":36}},"loc":{"start":{"line":67,"column":55},"end":{"line":71,"column":1}},"line":67},"7":{"name":"(anonymous_7)","decl":{"start":{"line":74,"column":35},"end":{"line":74,"column":36}},"loc":{"start":{"line":74,"column":55},"end":{"line":80,"column":1}},"line":74},"8":{"name":"(anonymous_8)","decl":{"start":{"line":83,"column":35},"end":{"line":83,"column":36}},"loc":{"start":{"line":83,"column":55},"end":{"line":87,"column":1}},"line":83}},"branchMap":{"0":{"loc":{"start":{"line":18,"column":2},"end":{"line":18,"column":64}},"type":"if","locations":[{"start":{"line":18,"column":2},"end":{"line":18,"column":64}},{"start":{},"end":{}}],"line":18},"1":{"loc":{"start":{"line":33,"column":23},"end":{"line":35,"column":12}},"type":"cond-expr","locations":[{"start":{"line":34,"column":8},"end":{"line":34,"column":55}},{"start":{"line":35,"column":8},"end":{"line":35,"column":12}}],"line":33},"2":{"loc":{"start":{"line":47,"column":2},"end":{"line":51,"column":3}},"type":"if","locations":[{"start":{"line":47,"column":2},"end":{"line":51,"column":3}},{"start":{},"end":{}}],"line":47},"3":{"loc":{"start":{"line":57,"column":2},"end":{"line":61,"column":3}},"type":"if","locations":[{"start":{"line":57,"column":2},"end":{"line":61,"column":3}},{"start":{},"end":{}}],"line":57},"4":{"loc":{"start":{"line":78,"column":2},"end":{"line":78,"column":57}},"type":"if","locations":[{"start":{"line":78,"column":2},"end":{"line":78,"column":57}},{"start":{},"end":{}}],"line":78},"5":{"loc":{"start":{"line":85,"column":2},"end":{"line":85,"column":57}},"type":"if","locations":[{"start":{"line":85,"column":2},"end":{"line":85,"column":57}},{"start":{},"end":{}}],"line":85}},"s":{"0":2,"1":2,"2":2,"3":2,"4":0,"5":0,"6":2,"7":0,"8":0,"9":0,"10":0,"11":2,"12":0,"13":0,"14":0,"15":0,"16":0,"17":0,"18":2,"19":0,"20":0,"21":0,"22":0,"23":0,"24":0,"25":0,"26":2,"27":0,"28":0,"29":0,"30":2,"31":0,"32":0,"33":0,"34":0,"35":2,"36":0,"37":0,"38":0,"39":0},"f":{"0":0,"1":0,"2":0,"3":0,"4":0,"5":0,"6":0,"7":0,"8":0},"b":{"0":[0,0],"1":[0,0],"2":[0,0],"3":[0,0],"4":[0,0],"5":[0,0]},"_coverageSchema":"1a1c01bbd47fc00a2c39e90264f33305004495a9","hash":"61490951a9102f8f335699cb704617c6bdd0919e"}
,"/Users/yoanpetrov/Desktop/Code/Hi-Tech Store/Back/src/controllers/orderController.js": {"path":"/Users/yoanpetrov/Desktop/Code/Hi-Tech Store/Back/src/controllers/orderController.js","statementMap":{"0":{"start":{"line":2,"column":21},"end":{"line":2,"column":59}},"1":{"start":{"line":3,"column":17},"end":{"line":3,"column":45}},"2":{"start":{"line":4,"column":20},"end":{"line":4,"column":49}},"3":{"start":{"line":5,"column":14},"end":{"line":5,"column":40}},"4":{"start":{"line":6,"column":13},"end":{"line":6,"column":38}},"5":{"start":{"line":7,"column":17},"end":{"line":7,"column":36}},"6":{"start":{"line":8,"column":15},"end":{"line":8,"column":63}},"7":{"start":{"line":10,"column":0},"end":{"line":14,"column":1}},"8":{"start":{"line":11,"column":2},"end":{"line":13,"column":4}},"9":{"start":{"line":17,"column":0},"end":{"line":91,"column":3}},"10":{"start":{"line":24,"column":6},"end":{"line":24,"column":14}},"11":{"start":{"line":26,"column":2},"end":{"line":36,"column":3}},"12":{"start":{"line":33,"column":4},"end":{"line":35,"column":64}},"13":{"start":{"line":38,"column":21},"end":{"line":38,"column":54}},"14":{"start":{"line":38,"column":41},"end":{"line":38,"column":53}},"15":{"start":{"line":39,"column":19},"end":{"line":39,"column":67}},"16":{"start":{"line":41,"column":2},"end":{"line":45,"column":3}},"17":{"start":{"line":42,"column":4},"end":{"line":44,"column":70}},"18":{"start":{"line":47,"column":26},"end":{"line":51,"column":7}},"19":{"start":{"line":48,"column":20},"end":{"line":48,"column":75}},"20":{"start":{"line":48,"column":41},"end":{"line":48,"column":74}},"21":{"start":{"line":49,"column":4},"end":{"line":49,"column":76}},"22":{"start":{"line":49,"column":18},"end":{"line":49,"column":76}},"23":{"start":{"line":50,"column":4},"end":{"line":50,"column":47}},"24":{"start":{"line":53,"column":26},"end":{"line":53,"column":54}},"25":{"start":{"line":54,"column":23},"end":{"line":54,"column":68}},"26":{"start":{"line":55,"column":2},"end":{"line":57,"column":3}},"27":{"start":{"line":56,"column":4},"end":{"line":56,"column":70}},"28":{"start":{"line":59,"column":32},"end":{"line":59,"column":62}},"29":{"start":{"line":60,"column":2},"end":{"line":62,"column":3}},"30":{"start":{"line":61,"column":4},"end":{"line":61,"column":68}},"31":{"start":{"line":64,"column":16},"end":{"line":81,"column":4}},"32":{"start":{"line":66,"column":32},"end":{"line":70,"column":5}},"33":{"start":{"line":69,"column":34},"end":{"line":69,"column":67}},"34":{"start":{"line":83,"column":2},"end":{"line":83,"column":21}},"35":{"start":{"line":86,"column":18},"end":{"line":86,"column":54}},"36":{"start":{"line":87,"column":2},"end":{"line":87,"column":33}},"37":{"start":{"line":88,"column":2},"end":{"line":88,"column":23}},"38":{"start":{"line":90,"column":2},"end":{"line":90,"column":49}},"39":{"start":{"line":94,"column":0},"end":{"line":162,"column":3}},"40":{"start":{"line":95,"column":66},"end":{"line":95,"column":74}},"41":{"start":{"line":97,"column":2},"end":{"line":99,"column":3}},"42":{"start":{"line":98,"column":4},"end":{"line":98,"column":72}},"43":{"start":{"line":101,"column":2},"end":{"line":105,"column":3}},"44":{"start":{"line":102,"column":4},"end":{"line":104,"column":66}},"45":{"start":{"line":107,"column":2},"end":{"line":116,"column":3}},"46":{"start":{"line":111,"column":4},"end":{"line":115,"column":9}},"47":{"start":{"line":118,"column":21},"end":{"line":118,"column":49}},"48":{"start":{"line":118,"column":41},"end":{"line":118,"column":48}},"49":{"start":{"line":119,"column":19},"end":{"line":119,"column":67}},"50":{"start":{"line":121,"column":2},"end":{"line":125,"column":3}},"51":{"start":{"line":122,"column":4},"end":{"line":124,"column":79}},"52":{"start":{"line":127,"column":26},"end":{"line":133,"column":7}},"53":{"start":{"line":128,"column":20},"end":{"line":128,"column":70}},"54":{"start":{"line":128,"column":41},"end":{"line":128,"column":69}},"55":{"start":{"line":129,"column":4},"end":{"line":131,"column":5}},"56":{"start":{"line":130,"column":6},"end":{"line":130,"column":71}},"57":{"start":{"line":132,"column":4},"end":{"line":132,"column":47}},"58":{"start":{"line":135,"column":26},"end":{"line":135,"column":54}},"59":{"start":{"line":136,"column":23},"end":{"line":136,"column":68}},"60":{"start":{"line":137,"column":32},"end":{"line":137,"column":62}},"61":{"start":{"line":139,"column":2},"end":{"line":141,"column":3}},"62":{"start":{"line":140,"column":4},"end":{"line":140,"column":69}},"63":{"start":{"line":143,"column":2},"end":{"line":161,"column":3}},"64":{"start":{"line":144,"column":26},"end":{"line":156,"column":6}},"65":{"start":{"line":158,"column":4},"end":{"line":158,"column":72}},"66":{"start":{"line":160,"column":4},"end":{"line":160,"column":72}},"67":{"start":{"line":165,"column":0},"end":{"line":202,"column":3}},"68":{"start":{"line":166,"column":18},"end":{"line":166,"column":47}},"69":{"start":{"line":167,"column":2},"end":{"line":167,"column":29}},"70":{"start":{"line":169,"column":2},"end":{"line":201,"column":3}},"71":{"start":{"line":170,"column":17},"end":{"line":173,"column":5}},"72":{"start":{"line":174,"column":4},"end":{"line":174,"column":78}},"73":{"start":{"line":174,"column":37},"end":{"line":174,"column":78}},"74":{"start":{"line":176,"column":24},"end":{"line":179,"column":5}},"75":{"start":{"line":177,"column":21},"end":{"line":177,"column":61}},"76":{"start":{"line":181,"column":18},"end":{"line":188,"column":6}},"77":{"start":{"line":183,"column":39},"end":{"line":186,"column":7}},"78":{"start":{"line":190,"column":4},"end":{"line":190,"column":34}},"79":{"start":{"line":191,"column":4},"end":{"line":191,"column":20}},"80":{"start":{"line":192,"column":4},"end":{"line":192,"column":33}},"81":{"start":{"line":194,"column":4},"end":{"line":194,"column":38}},"82":{"start":{"line":195,"column":4},"end":{"line":195,"column":51}},"83":{"start":{"line":197,"column":4},"end":{"line":197,"column":37}},"84":{"start":{"line":198,"column":4},"end":{"line":198,"column":64}},"85":{"start":{"line":200,"column":4},"end":{"line":200,"column":25}},"86":{"start":{"line":205,"column":0},"end":{"line":214,"column":3}},"87":{"start":{"line":206,"column":16},"end":{"line":209,"column":4}},"88":{"start":{"line":211,"column":2},"end":{"line":211,"column":57}},"89":{"start":{"line":211,"column":14},"end":{"line":211,"column":57}},"90":{"start":{"line":213,"column":2},"end":{"line":213,"column":49}},"91":{"start":{"line":217,"column":0},"end":{"line":224,"column":3}},"92":{"start":{"line":218,"column":17},"end":{"line":221,"column":4}},"93":{"start":{"line":223,"column":2},"end":{"line":223,"column":50}},"94":{"start":{"line":227,"column":0},"end":{"line":235,"column":3}},"95":{"start":{"line":228,"column":16},"end":{"line":228,"column":51}},"96":{"start":{"line":229,"column":2},"end":{"line":229,"column":57}},"97":{"start":{"line":229,"column":14},"end":{"line":229,"column":57}},"98":{"start":{"line":231,"column":2},"end":{"line":231,"column":33}},"99":{"start":{"line":232,"column":2},"end":{"line":232,"column":21}},"100":{"start":{"line":234,"column":2},"end":{"line":234,"column":49}},"101":{"start":{"line":238,"column":0},"end":{"line":245,"column":3}},"102":{"start":{"line":239,"column":17},"end":{"line":242,"column":4}},"103":{"start":{"line":244,"column":2},"end":{"line":244,"column":50}}},"fnMap":{"0":{"name":"(anonymous_0)","decl":{"start":{"line":17,"column":35},"end":{"line":17,"column":36}},"loc":{"start":{"line":17,"column":55},"end":{"line":91,"column":1}},"line":17},"1":{"name":"(anonymous_1)","decl":{"start":{"line":38,"column":31},"end":{"line":38,"column":32}},"loc":{"start":{"line":38,"column":41},"end":{"line":38,"column":53}},"line":38},"2":{"name":"(anonymous_2)","decl":{"start":{"line":47,"column":39},"end":{"line":47,"column":40}},"loc":{"start":{"line":47,"column":54},"end":{"line":51,"column":3}},"line":47},"3":{"name":"(anonymous_3)","decl":{"start":{"line":48,"column":34},"end":{"line":48,"column":35}},"loc":{"start":{"line":48,"column":41},"end":{"line":48,"column":74}},"line":48},"4":{"name":"(anonymous_4)","decl":{"start":{"line":66,"column":21},"end":{"line":66,"column":22}},"loc":{"start":{"line":66,"column":32},"end":{"line":70,"column":5}},"line":66},"5":{"name":"(anonymous_5)","decl":{"start":{"line":69,"column":27},"end":{"line":69,"column":28}},"loc":{"start":{"line":69,"column":34},"end":{"line":69,"column":67}},"line":69},"6":{"name":"(anonymous_6)","decl":{"start":{"line":94,"column":42},"end":{"line":94,"column":43}},"loc":{"start":{"line":94,"column":62},"end":{"line":162,"column":1}},"line":94},"7":{"name":"(anonymous_7)","decl":{"start":{"line":118,"column":31},"end":{"line":118,"column":32}},"loc":{"start":{"line":118,"column":41},"end":{"line":118,"column":48}},"line":118},"8":{"name":"(anonymous_8)","decl":{"start":{"line":127,"column":39},"end":{"line":127,"column":40}},"loc":{"start":{"line":127,"column":54},"end":{"line":133,"column":3}},"line":127},"9":{"name":"(anonymous_9)","decl":{"start":{"line":128,"column":34},"end":{"line":128,"column":35}},"loc":{"start":{"line":128,"column":41},"end":{"line":128,"column":69}},"line":128},"10":{"name":"(anonymous_10)","decl":{"start":{"line":165,"column":43},"end":{"line":165,"column":44}},"loc":{"start":{"line":165,"column":63},"end":{"line":202,"column":1}},"line":165},"11":{"name":"(anonymous_11)","decl":{"start":{"line":177,"column":6},"end":{"line":177,"column":7}},"loc":{"start":{"line":177,"column":21},"end":{"line":177,"column":61}},"line":177},"12":{"name":"(anonymous_12)","decl":{"start":{"line":183,"column":28},"end":{"line":183,"column":29}},"loc":{"start":{"line":183,"column":39},"end":{"line":186,"column":7}},"line":183},"13":{"name":"(anonymous_13)","decl":{"start":{"line":205,"column":36},"end":{"line":205,"column":37}},"loc":{"start":{"line":205,"column":56},"end":{"line":214,"column":1}},"line":205},"14":{"name":"(anonymous_14)","decl":{"start":{"line":217,"column":41},"end":{"line":217,"column":42}},"loc":{"start":{"line":217,"column":61},"end":{"line":224,"column":1}},"line":217},"15":{"name":"(anonymous_15)","decl":{"start":{"line":227,"column":41},"end":{"line":227,"column":42}},"loc":{"start":{"line":227,"column":61},"end":{"line":235,"column":1}},"line":227},"16":{"name":"(anonymous_16)","decl":{"start":{"line":238,"column":36},"end":{"line":238,"column":37}},"loc":{"start":{"line":238,"column":56},"end":{"line":245,"column":1}},"line":238}},"branchMap":{"0":{"loc":{"start":{"line":10,"column":0},"end":{"line":14,"column":1}},"type":"if","locations":[{"start":{"line":10,"column":0},"end":{"line":14,"column":1}},{"start":{},"end":{}}],"line":10},"1":{"loc":{"start":{"line":26,"column":2},"end":{"line":36,"column":3}},"type":"if","locations":[{"start":{"line":26,"column":2},"end":{"line":36,"column":3}},{"start":{},"end":{}}],"line":26},"2":{"loc":{"start":{"line":27,"column":4},"end":{"line":31,"column":20}},"type":"binary-expr","locations":[{"start":{"line":27,"column":4},"end":{"line":27,"column":10}},{"start":{"line":28,"column":4},"end":{"line":28,"column":17}},{"start":{"line":29,"column":4},"end":{"line":29,"column":20}},{"start":{"line":30,"column":4},"end":{"line":30,"column":19}},{"start":{"line":31,"column":4},"end":{"line":31,"column":20}}],"line":27},"3":{"loc":{"start":{"line":41,"column":2},"end":{"line":45,"column":3}},"type":"if","locations":[{"start":{"line":41,"column":2},"end":{"line":45,"column":3}},{"start":{},"end":{}}],"line":41},"4":{"loc":{"start":{"line":49,"column":4},"end":{"line":49,"column":76}},"type":"if","locations":[{"start":{"line":49,"column":4},"end":{"line":49,"column":76}},{"start":{},"end":{}}],"line":49},"5":{"loc":{"start":{"line":55,"column":2},"end":{"line":57,"column":3}},"type":"if","locations":[{"start":{"line":55,"column":2},"end":{"line":57,"column":3}},{"start":{},"end":{}}],"line":55},"6":{"loc":{"start":{"line":60,"column":2},"end":{"line":62,"column":3}},"type":"if","locations":[{"start":{"line":60,"column":2},"end":{"line":62,"column":3}},{"start":{},"end":{}}],"line":60},"7":{"loc":{"start":{"line":97,"column":2},"end":{"line":99,"column":3}},"type":"if","locations":[{"start":{"line":97,"column":2},"end":{"line":99,"column":3}},{"start":{},"end":{}}],"line":97},"8":{"loc":{"start":{"line":97,"column":6},"end":{"line":97,"column":59}},"type":"binary-expr","locations":[{"start":{"line":97,"column":6},"end":{"line":97,"column":12}},{"start":{"line":97,"column":16},"end":{"line":97,"column":37}},{"start":{"line":97,"column":41},"end":{"line":97,"column":59}}],"line":97},"9":{"loc":{"start":{"line":101,"column":2},"end":{"line":105,"column":3}},"type":"if","locations":[{"start":{"line":101,"column":2},"end":{"line":105,"column":3}},{"start":{},"end":{}}],"line":101},"10":{"loc":{"start":{"line":101,"column":6},"end":{"line":101,"column":57}},"type":"binary-expr","locations":[{"start":{"line":101,"column":6},"end":{"line":101,"column":37}},{"start":{"line":101,"column":41},"end":{"line":101,"column":57}}],"line":101},"11":{"loc":{"start":{"line":107,"column":2},"end":{"line":116,"column":3}},"type":"if","locations":[{"start":{"line":107,"column":2},"end":{"line":116,"column":3}},{"start":{},"end":{}}],"line":107},"12":{"loc":{"start":{"line":108,"column":4},"end":{"line":109,"column":67}},"type":"binary-expr","locations":[{"start":{"line":108,"column":4},"end":{"line":108,"column":19}},{"start":{"line":109,"column":4},"end":{"line":109,"column":67}}],"line":108},"13":{"loc":{"start":{"line":121,"column":2},"end":{"line":125,"column":3}},"type":"if","locations":[{"start":{"line":121,"column":2},"end":{"line":125,"column":3}},{"start":{},"end":{}}],"line":121},"14":{"loc":{"start":{"line":129,"column":4},"end":{"line":131,"column":5}},"type":"if","locations":[{"start":{"line":129,"column":4},"end":{"line":131,"column":5}},{"start":{},"end":{}}],"line":129},"15":{"loc":{"start":{"line":139,"column":2},"end":{"line":141,"column":3}},"type":"if","locations":[{"start":{"line":139,"column":2},"end":{"line":141,"column":3}},{"start":{},"end":{}}],"line":139},"16":{"loc":{"start":{"line":174,"column":4},"end":{"line":174,"column":78}},"type":"if","locations":[{"start":{"line":174,"column":4},"end":{"line":174,"column":78}},{"start":{},"end":{}}],"line":174},"17":{"loc":{"start":{"line":174,"column":8},"end":{"line":174,"column":35}},"type":"binary-expr","locations":[{"start":{"line":174,"column":8},"end":{"line":174,"column":13}},{"start":{"line":174,"column":17},"end":{"line":174,"column":35}}],"line":174},"18":{"loc":{"start":{"line":211,"column":2},"end":{"line":211,"column":57}},"type":"if","locations":[{"start":{"line":211,"column":2},"end":{"line":211,"column":57}},{"start":{},"end":{}}],"line":211},"19":{"loc":{"start":{"line":229,"column":2},"end":{"line":229,"column":57}},"type":"if","locations":[{"start":{"line":229,"column":2},"end":{"line":229,"column":57}},{"start":{},"end":{}}],"line":229}},"s":{"0":2,"1":2,"2":2,"3":2,"4":2,"5":2,"6":2,"7":2,"8":0,"9":2,"10":1,"11":1,"12":0,"13":1,"14":1,"15":1,"16":1,"17":0,"18":1,"19":1,"20":1,"21":1,"22":0,"23":1,"24":1,"25":1,"26":1,"27":0,"28":1,"29":1,"30":0,"31":1,"32":1,"33":1,"34":1,"35":1,"36":1,"37":1,"38":1,"39":2,"40":0,"41":0,"42":0,"43":0,"44":0,"45":0,"46":0,"47":0,"48":0,"49":0,"50":0,"51":0,"52":0,"53":0,"54":0,"55":0,"56":0,"57":0,"58":0,"59":0,"60":0,"61":0,"62":0,"63":0,"64":0,"65":0,"66":0,"67":2,"68":0,"69":0,"70":0,"71":0,"72":0,"73":0,"74":0,"75":0,"76":0,"77":0,"78":0,"79":0,"80":0,"81":0,"82":0,"83":0,"84":0,"85":0,"86":2,"87":1,"88":1,"89":0,"90":1,"91":2,"92":0,"93":0,"94":2,"95":0,"96":0,"97":0,"98":0,"99":0,"100":0,"101":2,"102":0,"103":0},"f":{"0":1,"1":1,"2":1,"3":1,"4":1,"5":1,"6":0,"7":0,"8":0,"9":0,"10":0,"11":0,"12":0,"13":1,"14":0,"15":0,"16":0},"b":{"0":[0,2],"1":[0,1],"2":[1,1,1,1,1],"3":[0,1],"4":[0,1],"5":[0,1],"6":[0,1],"7":[0,0],"8":[0,0,0],"9":[0,0],"10":[0,0],"11":[0,0],"12":[0,0],"13":[0,0],"14":[0,0],"15":[0,0],"16":[0,0],"17":[0,0],"18":[0,1],"19":[0,0]},"_coverageSchema":"1a1c01bbd47fc00a2c39e90264f33305004495a9","hash":"e892403e32d8e3ef83eb359d3ea81c9853688dba"}
,"/Users/yoanpetrov/Desktop/Code/Hi-Tech Store/Back/src/controllers/reviewController.js": {"path":"/Users/yoanpetrov/Desktop/Code/Hi-Tech Store/Back/src/controllers/reviewController.js","statementMap":{"0":{"start":{"line":3,"column":15},"end":{"line":3,"column":42}},"1":{"start":{"line":6,"column":0},"end":{"line":15,"column":2}},"2":{"start":{"line":7,"column":33},"end":{"line":7,"column":43}},"3":{"start":{"line":8,"column":2},"end":{"line":14,"column":3}},"4":{"start":{"line":9,"column":18},"end":{"line":9,"column":55}},"5":{"start":{"line":10,"column":20},"end":{"line":10,"column":73}},"6":{"start":{"line":11,"column":4},"end":{"line":11,"column":22}},"7":{"start":{"line":13,"column":4},"end":{"line":13,"column":63}},"8":{"start":{"line":18,"column":0},"end":{"line":40,"column":2}},"9":{"start":{"line":19,"column":33},"end":{"line":19,"column":43}},"10":{"start":{"line":20,"column":30},"end":{"line":20,"column":38}},"11":{"start":{"line":22,"column":2},"end":{"line":24,"column":3}},"12":{"start":{"line":23,"column":4},"end":{"line":23,"column":78}},"13":{"start":{"line":26,"column":2},"end":{"line":39,"column":3}},"14":{"start":{"line":27,"column":19},"end":{"line":33,"column":6}},"15":{"start":{"line":35,"column":4},"end":{"line":35,"column":24}},"16":{"start":{"line":36,"column":4},"end":{"line":36,"column":33}},"17":{"start":{"line":38,"column":4},"end":{"line":38,"column":60}},"18":{"start":{"line":44,"column":0},"end":{"line":59,"column":4}},"19":{"start":{"line":45,"column":25},"end":{"line":45,"column":35}},"20":{"start":{"line":47,"column":4},"end":{"line":58,"column":5}},"21":{"start":{"line":48,"column":28},"end":{"line":48,"column":68}},"22":{"start":{"line":50,"column":6},"end":{"line":52,"column":7}},"23":{"start":{"line":51,"column":8},"end":{"line":51,"column":67}},"24":{"start":{"line":54,"column":6},"end":{"line":54,"column":94}},"25":{"start":{"line":56,"column":6},"end":{"line":56,"column":53}},"26":{"start":{"line":57,"column":6},"end":{"line":57,"column":65}}},"fnMap":{"0":{"name":"(anonymous_0)","decl":{"start":{"line":6,"column":21},"end":{"line":6,"column":22}},"loc":{"start":{"line":6,"column":41},"end":{"line":15,"column":1}},"line":6},"1":{"name":"(anonymous_1)","decl":{"start":{"line":18,"column":20},"end":{"line":18,"column":21}},"loc":{"start":{"line":18,"column":40},"end":{"line":40,"column":1}},"line":18},"2":{"name":"(anonymous_2)","decl":{"start":{"line":44,"column":23},"end":{"line":44,"column":24}},"loc":{"start":{"line":44,"column":43},"end":{"line":59,"column":3}},"line":44}},"branchMap":{"0":{"loc":{"start":{"line":9,"column":18},"end":{"line":9,"column":55}},"type":"cond-expr","locations":[{"start":{"line":9,"column":28},"end":{"line":9,"column":39}},{"start":{"line":9,"column":42},"end":{"line":9,"column":55}}],"line":9},"1":{"loc":{"start":{"line":22,"column":2},"end":{"line":24,"column":3}},"type":"if","locations":[{"start":{"line":22,"column":2},"end":{"line":24,"column":3}},{"start":{},"end":{}}],"line":22},"2":{"loc":{"start":{"line":22,"column":6},"end":{"line":22,"column":25}},"type":"binary-expr","locations":[{"start":{"line":22,"column":6},"end":{"line":22,"column":13}},{"start":{"line":22,"column":17},"end":{"line":22,"column":25}}],"line":22},"3":{"loc":{"start":{"line":50,"column":6},"end":{"line":52,"column":7}},"type":"if","locations":[{"start":{"line":50,"column":6},"end":{"line":52,"column":7}},{"start":{},"end":{}}],"line":50}},"s":{"0":2,"1":2,"2":0,"3":0,"4":0,"5":0,"6":0,"7":0,"8":2,"9":0,"10":0,"11":0,"12":0,"13":0,"14":0,"15":0,"16":0,"17":0,"18":2,"19":0,"20":0,"21":0,"22":0,"23":0,"24":0,"25":0,"26":0},"f":{"0":0,"1":0,"2":0},"b":{"0":[0,0],"1":[0,0],"2":[0,0],"3":[0,0]},"_coverageSchema":"1a1c01bbd47fc00a2c39e90264f33305004495a9","hash":"d883574909b81e2307958d3d98dfff06425a3fe5"}
[...]
,"/Users/yoanpetrov/Desktop/Code/Hi-Tech Store/Back/src/routes/orderRoutes.js": {"path":"/Users/yoanpetrov/Desktop/Code/Hi-Tech Store/Back/src/routes/orderRoutes.js","statementMap":{"0":{"start":{"line":2,"column":16},"end":{"line":2,"column":34}},"1":{"start":{"line":11,"column":4},"end":{"line":11,"column":45}},"2":{"start":{"line":12,"column":23},"end":{"line":12,"column":63}},"3":{"start":{"line":14,"column":15},"end":{"line":14,"column":31}},"4":{"start":{"line":15,"column":0},"end":{"line":15,"column":27}},"5":{"start":{"line":17,"column":0},"end":{"line":17,"column":30}},"6":{"start":{"line":19,"column":0},"end":{"line":19,"column":42}},"7":{"start":{"line":20,"column":0},"end":{"line":20,"column":58}},"8":{"start":{"line":21,"column":0},"end":{"line":21,"column":33}},"9":{"start":{"line":22,"column":0},"end":{"line":22,"column":47}},"10":{"start":{"line":23,"column":0},"end":{"line":23,"column":45}},"11":{"start":{"line":25,"column":0},"end":{"line":25,"column":24}}},"fnMap":{},"branchMap":{},"s":{"0":2,"1":2,"2":2,"3":2,"4":2,"5":2,"6":2,"7":2,"8":2,"9":2,"10":2,"11":2},"f":{},"b":{},"_coverageSchema":"1a1c01bbd47fc00a2c39e90264f33305004495a9","hash":"45d67f46f97a165b26f09bb4eea296e9e176bed8"}
,"/Users/yoanpetrov/Desktop/Code/Hi-Tech Store/Back/src/routes/reviewRoutes.js": {"path":"/Users/yoanpetrov/Desktop/Code/Hi-Tech Store/Back/src/routes/reviewRoutes.js","statementMap":{"0":{"start":{"line":1,"column":16},"end":{"line":1,"column":34}},"1":{"start":{"line":6,"column":4},"end":{"line":6,"column":46}},"2":{"start":{"line":7,"column":23},"end":{"line":7,"column":63}},"3":{"start":{"line":9,"column":15},"end":{"line":9,"column":31}},"4":{"start":{"line":12,"column":0},"end":{"line":12,"column":43}},"5":{"start":{"line":13,"column":0},"end":{"line":13,"column":47}},"6":{"start":{"line":16,"column":0},"end":{"line":16,"column":59}},"7":{"start":{"line":17,"column":0},"end":{"line":17,"column":63}},"8":{"start":{"line":20,"column":0},"end":{"line":20,"column":58}},"9":{"start":{"line":22,"column":0},"end":{"line":22,"column":24}}},"fnMap":{},"branchMap":{},"s":{"0":2,"1":2,"2":2,"3":2,"4":2,"5":2,"6":2,"7":2,"8":2,"9":2},"f":{},"b":{},"_coverageSchema":"1a1c01bbd47fc00a2c39e90264f33305004495a9","hash":"5edf415f46c699c9c4e5d64e926b1cf3382fc441"}
,"/Users/yoanpetrov/Desktop/Code/Hi-Tech Store/Back/src/routes/searchRoutes.js": {"path":"/Users/yoanpetrov/Desktop/Code/Hi-Tech Store/Back/src/routes/searchRoutes.js","statementMap":{"0":{"start":{"line":1,"column":16},"end":{"line":1,"column":34}},"1":{"start":{"line":2,"column":15},"end":{"line":2,"column":31}},"2":{"start":{"line":3,"column":25},"end":{"line":3,"column":67}},"3":{"start":{"line":6,"column":0},"end":{"line":6,"column":30}},"4":{"start":{"line":8,"column":0},"end":{"line":8,"column":24}}},"fnMap":{},"branchMap":{},"s":{"0":2,"1":2,"2":2,"3":2,"4":2},"f":{},"b":{},"_coverageSchema":"1a1c01bbd47fc00a2c39e90264f33305004495a9","hash":"e77118bc0ceeb4f044362a0ba7b0d3a59b4d1f86"}
,"/Users/yoanpetrov/Desktop/Code/Hi-Tech Store/Back/src/routes/specRoutes.js": {"path":"/Users/yoanpetrov/Desktop/Code/Hi-Tech Store/Back/src/routes/specRoutes.js","statementMap":{"0":{"start":{"line":1,"column":16},"end":{"line":1,"column":34}},"1":{"start":{"line":2,"column":15},"end":{"line":2,"column":31}},"2":{"start":{"line":3,"column":30},"end":{"line":3,"column":70}},"3":{"start":{"line":6,"column":0},"end":{"line":6,"column":35}},"4":{"start":{"line":8,"column":0},"end":{"line":8,"column":24}}},"fnMap":{},"branchMap":{},"s":{"0":2,"1":2,"2":2,"3":2,"4":2},"f":{},"b":{},"_coverageSchema":"1a1c01bbd47fc00a2c39e90264f33305004495a9","hash":"078b9a22f0ba3656a9c874da09f6cd80315e8d5f"}
,"/Users/yoanpetrov/Desktop/Code/Hi-Tech Store/Back/src/routes/userRoutes.js": {"path":"/Users/yoanpetrov/Desktop/Code/Hi-Tech Store/Back/src/routes/userRoutes.js","statementMap":{"0":{"start":{"line":1,"column":16},"end":{"line":1,"column":34}},"1":{"start":{"line":7,"column":4},"end":{"line":7,"column":44}},"2":{"start":{"line":11,"column":4},"end":{"line":11,"column":44}},"3":{"start":{"line":12,"column":13},"end":{"line":12,"column":53}},"4":{"start":{"line":14,"column":15},"end":{"line":14,"column":31}},"5":{"start":{"line":16,"column":0},"end":{"line":16,"column":38}},"6":{"start":{"line":17,"column":0},"end":{"line":17,"column":35}},"7":{"start":{"line":18,"column":0},"end":{"line":18,"column":37}},"8":{"start":{"line":19,"column":0},"end":{"line":19,"column":40}},"9":{"start":{"line":22,"column":0},"end":{"line":22,"column":50}},"10":{"start":{"line":25,"column":0},"end":{"line":25,"column":68}},"11":{"start":{"line":27,"column":0},"end":{"line":27,"column":24}}},"fnMap":{},"branchMap":{},"s":{"0":2,"1":2,"2":2,"3":2,"4":2,"5":2,"6":2,"7":2,"8":2,"9":2,"10":2,"11":2},"f":{},"b":{},"_coverageSchema":"1a1c01bbd47fc00a2c39e90264f33305004495a9","hash":"d77e2fc3ce26c76d00478d1a9fa0eb668d722661"}
,"/Users/yoanpetrov/Desktop/Code/Hi-Tech Store/Back/src/routes/variantRoutes.js": {"path":"/Users/yoanpetrov/Desktop/Code/Hi-Tech Store/Back/src/routes/variantRoutes.js","statementMap":{"0":{"start":{"line":2,"column":16},"end":{"line":2,"column":34}},"1":{"start":{"line":3,"column":15},"end":{"line":3,"column":52}},"2":{"start":{"line":12,"column":4},"end":{"line":12,"column":47}},"3":{"start":{"line":13,"column":28},"end":{"line":13,"column":64}},"4":{"start":{"line":14,"column":21},"end":{"line":14,"column":59}},"5":{"start":{"line":17,"column":0},"end":{"line":17,"column":43}},"6":{"start":{"line":20,"column":0},"end":{"line":20,"column":56}},"7":{"start":{"line":23,"column":0},"end":{"line":23,"column":63}},"8":{"start":{"line":26,"column":0},"end":{"line":26,"column":64}},"9":{"start":{"line":27,"column":0},"end":{"line":30,"column":2}},"10":{"start":{"line":33,"column":0},"end":{"line":33,"column":72}},"11":{"start":{"line":36,"column":0},"end":{"line":36,"column":58}},"12":{"start":{"line":38,"column":0},"end":{"line":38,"column":24}}},"fnMap":{},"branchMap":{},"s":{"0":2,"1":2,"2":2,"3":2,"4":2,"5":2,"6":2,"7":2,"8":2,"9":2,"10":2,"11":2,"12":2},"f":{},"b":{},"_coverageSchema":"1a1c01bbd47fc00a2c39e90264f33305004495a9","hash":"bf7db79410371d1e1c70e94095ff50ac8095a8d3"}
,"/Users/yoanpetrov/Desktop/Code/Hi-Tech Store/Back/src/services/cartService.js": {"path":"/Users/yoanpetrov/Desktop/Code/Hi-Tech Store/Back/src/services/cartService.js","statementMap":{"0":{"start":{"line":1,"column":13},"end":{"line":1,"column":38}},"1":{"start":{"line":2,"column":20},"end":{"line":2,"column":49}},"2":{"start":{"line":6,"column":17},"end":{"line":9,"column":5}},"3":{"start":{"line":10,"column":4},"end":{"line":10,"column":33}},"4":{"start":{"line":14,"column":15},"end":{"line":14,"column":51}},"5":{"start":{"line":15,"column":4},"end":{"line":15,"column":60}},"6":{"start":{"line":15,"column":15},"end":{"line":15,"column":60}},"7":{"start":{"line":17,"column":20},"end":{"line":19,"column":5}},"8":{"start":{"line":20,"column":4},"end":{"line":20,"column":55}},"9":{"start":{"line":20,"column":18},"end":{"line":20,"column":55}},"10":{"start":{"line":22,"column":25},"end":{"line":24,"column":5}},"11":{"start":{"line":23,"column":16},"end":{"line":23,"column":53}},"12":{"start":{"line":26,"column":4},"end":{"line":36,"column":5}},"13":{"start":{"line":27,"column":6},"end":{"line":29,"column":7}},"14":{"start":{"line":28,"column":8},"end":{"line":28,"column":56}},"15":{"start":{"line":30,"column":6},"end":{"line":30,"column":40}},"16":{"start":{"line":32,"column":6},"end":{"line":34,"column":7}},"17":{"start":{"line":33,"column":8},"end":{"line":33,"column":56}},"18":{"start":{"line":35,"column":6},"end":{"line":35,"column":56}},"19":{"start":{"line":38,"column":4},"end":{"line":38,"column":22}},"20":{"start":{"line":39,"column":4},"end":{"line":42,"column":6}},"21":{"start":{"line":46,"column":4},"end":{"line":46,"column":68}},"22":{"start":{"line":47,"column":4},"end":{"line":47,"column":36}},"23":{"start":{"line":51,"column":0},"end":{"line":51,"column":29}}},"fnMap":{"0":{"name":"(anonymous_0)","decl":{"start":{"line":5,"column":2},"end":{"line":5,"column":3}},"loc":{"start":{"line":5,"column":35},"end":{"line":11,"column":3}},"line":5},"1":{"name":"(anonymous_1)","decl":{"start":{"line":13,"column":2},"end":{"line":13,"column":3}},"loc":{"start":{"line":13,"column":58},"end":{"line":43,"column":3}},"line":13},"2":{"name":"(anonymous_2)","decl":{"start":{"line":23,"column":6},"end":{"line":23,"column":7}},"loc":{"start":{"line":23,"column":16},"end":{"line":23,"column":53}},"line":23},"3":{"name":"(anonymous_3)","decl":{"start":{"line":45,"column":2},"end":{"line":45,"column":3}},"loc":{"start":{"line":45,"column":37},"end":{"line":48,"column":3}},"line":45}},"branchMap":{"0":{"loc":{"start":{"line":10,"column":11},"end":{"line":10,"column":32}},"type":"binary-expr","locations":[{"start":{"line":10,"column":11},"end":{"line":10,"column":15}},{"start":{"line":10,"column":19},"end":{"line":10,"column":32}}],"line":10},"1":{"loc":{"start":{"line":15,"column":4},"end":{"line":15,"column":60}},"type":"if","locations":[{"start":{"line":15,"column":4},"end":{"line":15,"column":60}},{"start":{},"end":{}}],"line":15},"2":{"loc":{"start":{"line":20,"column":4},"end":{"line":20,"column":55}},"type":"if","locations":[{"start":{"line":20,"column":4},"end":{"line":20,"column":55}},{"start":{},"end":{}}],"line":20},"3":{"loc":{"start":{"line":26,"column":4},"end":{"line":36,"column":5}},"type":"if","locations":[{"start":{"line":26,"column":4},"end":{"line":36,"column":5}},{"start":{"line":31,"column":11},"end":{"line":36,"column":5}}],"line":26},"4":{"loc":{"start":{"line":27,"column":6},"end":{"line":29,"column":7}},"type":"if","locations":[{"start":{"line":27,"column":6},"end":{"line":29,"column":7}},{"start":{},"end":{}}],"line":27},"5":{"loc":{"start":{"line":32,"column":6},"end":{"line":34,"column":7}},"type":"if","locations":[{"start":{"line":32,"column":6},"end":{"line":34,"column":7}},{"start":{},"end":{}}],"line":32}},"s":{"0":0,"1":0,"2":0,"3":0,"4":0,"5":0,"6":0,"7":0,"8":0,"9":0,"10":0,"11":0,"12":0,"13":0,"14":0,"15":0,"16":0,"17":0,"18":0,"19":0,"20":0,"21":0,"22":0,"23":0},"f":{"0":0,"1":0,"2":0,"3":0},"b":{"0":[0,0],"1":[0,0],"2":[0,0],"3":[0,0],"4":[0,0],"5":[0,0]}}
,"/Users/yoanpetrov/Desktop/Code/Hi-Tech Store/Back/src/services/checkoutService.js": {"path":"/Users/yoanpetrov/Desktop/Code/Hi-Tech Store/Back/src/services/checkoutService.js","statementMap":{"0":{"start":{"line":1,"column":13},"end":{"line":1,"column":38}},"1":{"start":{"line":2,"column":14},"end":{"line":2,"column":40}},"2":{"start":{"line":3,"column":17},"end":{"line":3,"column":36}},"3":{"start":{"line":5,"column":28},"end":{"line":42,"column":1}},"4":{"start":{"line":6,"column":18},"end":{"line":6,"column":47}},"5":{"start":{"line":7,"column":2},"end":{"line":7,"column":29}},"6":{"start":{"line":9,"column":2},"end":{"line":41,"column":3}},"7":{"start":{"line":10,"column":17},"end":{"line":13,"column":5}},"8":{"start":{"line":14,"column":4},"end":{"line":14,"column":75}},"9":{"start":{"line":14,"column":42},"end":{"line":14,"column":75}},"10":{"start":{"line":16,"column":24},"end":{"line":19,"column":5}},"11":{"start":{"line":17,"column":21},"end":{"line":17,"column":61}},"12":{"start":{"line":21,"column":18},"end":{"line":28,"column":6}},"13":{"start":{"line":23,"column":39},"end":{"line":26,"column":7}},"14":{"start":{"line":30,"column":4},"end":{"line":30,"column":34}},"15":{"start":{"line":31,"column":4},"end":{"line":31,"column":20}},"16":{"start":{"line":32,"column":4},"end":{"line":32,"column":33}},"17":{"start":{"line":34,"column":4},"end":{"line":34,"column":38}},"18":{"start":{"line":35,"column":4},"end":{"line":35,"column":17}},"19":{"start":{"line":37,"column":4},"end":{"line":37,"column":37}},"20":{"start":{"line":38,"column":4},"end":{"line":38,"column":60}},"21":{"start":{"line":40,"column":4},"end":{"line":40,"column":25}},"22":{"start":{"line":44,"column":0},"end":{"line":46,"column":2}}},"fnMap":{"0":{"name":"(anonymous_0)","decl":{"start":{"line":5,"column":28},"end":{"line":5,"column":29}},"loc":{"start":{"line":5,"column":46},"end":{"line":42,"column":1}},"line":5},"1":{"name":"(anonymous_1)","decl":{"start":{"line":17,"column":6},"end":{"line":17,"column":7}},"loc":{"start":{"line":17,"column":21},"end":{"line":17,"column":61}},"line":17},"2":{"name":"(anonymous_2)","decl":{"start":{"line":23,"column":28},"end":{"line":23,"column":29}},"loc":{"start":{"line":23,"column":39},"end":{"line":26,"column":7}},"line":23}},"branchMap":{"0":{"loc":{"start":{"line":14,"column":4},"end":{"line":14,"column":75}},"type":"if","locations":[{"start":{"line":14,"column":4},"end":{"line":14,"column":75}},{"start":{},"end":{}}],"line":14},"1":{"loc":{"start":{"line":14,"column":8},"end":{"line":14,"column":40}},"type":"binary-expr","locations":[{"start":{"line":14,"column":8},"end":{"line":14,"column":13}},{"start":{"line":14,"column":17},"end":{"line":14,"column":40}}],"line":14}},"s":{"0":0,"1":0,"2":0,"3":0,"4":0,"5":0,"6":0,"7":0,"8":0,"9":0,"10":0,"11":0,"12":0,"13":0,"14":0,"15":0,"16":0,"17":0,"18":0,"19":0,"20":0,"21":0,"22":0},"f":{"0":0,"1":0,"2":0},"b":{"0":[0,0],"1":[0,0]}}
,"/Users/yoanpetrov/Desktop/Code/Hi-Tech Store/Back/src/services/specService.js": {"path":"/Users/yoanpetrov/Desktop/Code/Hi-Tech Store/Back/src/services/specService.js","statementMap":{"0":{"start":{"line":1,"column":17},"end":{"line":1,"column":36}},"1":{"start":{"line":2,"column":17},"end":{"line":2,"column":46}},"2":{"start":{"line":10,"column":2},"end":{"line":51,"column":3}},"3":{"start":{"line":11,"column":21},"end":{"line":18,"column":6}},"4":{"start":{"line":20,"column":4},"end":{"line":26,"column":5}},"5":{"start":{"line":25,"column":6},"end":{"line":25,"column":18}},"6":{"start":{"line":28,"column":18},"end":{"line":28,"column":46}},"7":{"start":{"line":29,"column":20},"end":{"line":32,"column":5}},"8":{"start":{"line":31,"column":8},"end":{"line":31,"column":80}},"9":{"start":{"line":34,"column":4},"end":{"line":47,"column":5}},"10":{"start":{"line":35,"column":6},"end":{"line":44,"column":8}},"11":{"start":{"line":46,"column":6},"end":{"line":46,"column":18}},"12":{"start":{"line":49,"column":4},"end":{"line":49,"column":58}},"13":{"start":{"line":50,"column":4},"end":{"line":50,"column":16}},"14":{"start":{"line":54,"column":0},"end":{"line":56,"column":2}}},"fnMap":{"0":{"name":"getVariantSpecs","decl":{"start":{"line":4,"column":15},"end":{"line":4,"column":30}},"loc":{"start":{"line":9,"column":2},"end":{"line":52,"column":1}},"line":9},"1":{"name":"(anonymous_1)","decl":{"start":{"line":30,"column":6},"end":{"line":30,"column":7}},"loc":{"start":{"line":31,"column":8},"end":{"line":31,"column":80}},"line":31}},"branchMap":{"0":{"loc":{"start":{"line":20,"column":4},"end":{"line":26,"column":5}},"type":"if","locations":[{"start":{"line":20,"column":4},"end":{"line":26,"column":5}},{"start":{},"end":{}}],"line":20},"1":{"loc":{"start":{"line":21,"column":6},"end":{"line":23,"column":39}},"type":"binary-expr","locations":[{"start":{"line":21,"column":6},"end":{"line":21,"column":15}},{"start":{"line":22,"column":6},"end":{"line":22,"column":29}},{"start":{"line":23,"column":6},"end":{"line":23,"column":39}}],"line":21},"2":{"loc":{"start":{"line":31,"column":8},"end":{"line":31,"column":80}},"type":"binary-expr","locations":[{"start":{"line":31,"column":8},"end":{"line":31,"column":40}},{"start":{"line":31,"column":44},"end":{"line":31,"column":80}}],"line":31},"3":{"loc":{"start":{"line":34,"column":4},"end":{"line":47,"column":5}},"type":"if","locations":[{"start":{"line":34,"column":4},"end":{"line":47,"column":5}},{"start":{"line":45,"column":11},"end":{"line":47,"column":5}}],"line":34}},"s":{"0":0,"1":0,"2":0,"3":0,"4":0,"5":0,"6":0,"7":0,"8":0,"9":0,"10":0,"11":0,"12":0,"13":0,"14":0},"f":{"0":0,"1":0},"b":{"0":[0,0],"1":[0,0,0],"2":[0,0],"3":[0,0]}}
,"/Users/yoanpetrov/Desktop/Code/Hi-Tech Store/Back/src/utils/appError.js": {"path":"/Users/yoanpetrov/Desktop/Code/Hi-Tech Store/Back/src/utils/appError.js","statementMap":{"0":{"start":{"line":4,"column":4},"end":{"line":4,"column":19}},"1":{"start":{"line":5,"column":4},"end":{"line":5,"column":33}},"2":{"start":{"line":6,"column":4},"end":{"line":6,"column":69}},"3":{"start":{"line":7,"column":4},"end":{"line":7,"column":30}},"4":{"start":{"line":8,"column":4},"end":{"line":8,"column":52}},"5":{"start":{"line":12,"column":0},"end":{"line":12,"column":26}}},"fnMap":{"0":{"name":"(anonymous_0)","decl":{"start":{"line":3,"column":2},"end":{"line":3,"column":3}},"loc":{"start":{"line":3,"column":35},"end":{"line":9,"column":3}},"line":3}},"branchMap":{"0":{"loc":{"start":{"line":6,"column":18},"end":{"line":6,"column":68}},"type":"cond-expr","locations":[{"start":{"line":6,"column":52},"end":{"line":6,"column":58}},{"start":{"line":6,"column":61},"end":{"line":6,"column":68}}],"line":6}},"s":{"0":1,"1":1,"2":1,"3":1,"4":1,"5":2},"f":{"0":1},"b":{"0":[1,0]},"_coverageSchema":"1a1c01bbd47fc00a2c39e90264f33305004495a9","hash":"59d6a40669262785a7340f0055c12bd2bd2fbdae"}
,"/Users/yoanpetrov/Desktop/Code/Hi-Tech Store/Back/src/utils/redisClient.js": {"path":"/Users/yoanpetrov/Desktop/Code/Hi-Tech Store/Back/src/utils/redisClient.js","statementMap":{"0":{"start":{"line":1,"column":14},"end":{"line":1,"column":32}},"1":{"start":{"line":3,"column":20},"end":{"line":11,"column":2}},"2":{"start":{"line":7,"column":18},"end":{"line":7,"column":44}},"3":{"start":{"line":8,"column":4},"end":{"line":8,"column":60}},"4":{"start":{"line":9,"column":4},"end":{"line":9,"column":17}},"5":{"start":{"line":13,"column":0},"end":{"line":15,"column":3}},"6":{"start":{"line":14,"column":2},"end":{"line":14,"column":36}},"7":{"start":{"line":17,"column":0},"end":{"line":19,"column":3}},"8":{"start":{"line":18,"column":2},"end":{"line":18,"column":45}},"9":{"start":{"line":21,"column":0},"end":{"line":21,"column":29}}},"fnMap":{"0":{"name":"(anonymous_0)","decl":{"start":{"line":6,"column":2},"end":{"line":6,"column":3}},"loc":{"start":{"line":6,"column":23},"end":{"line":10,"column":3}},"line":6},"1":{"name":"(anonymous_1)","decl":{"start":{"line":13,"column":26},"end":{"line":13,"column":27}},"loc":{"start":{"line":13,"column":32},"end":{"line":15,"column":1}},"line":13},"2":{"name":"(anonymous_2)","decl":{"start":{"line":17,"column":24},"end":{"line":17,"column":25}},"loc":{"start":{"line":17,"column":33},"end":{"line":19,"column":1}},"line":17}},"branchMap":{"0":{"loc":{"start":{"line":4,"column":8},"end":{"line":4,"column":45}},"type":"binary-expr","locations":[{"start":{"line":4,"column":8},"end":{"line":4,"column":30}},{"start":{"line":4,"column":34},"end":{"line":4,"column":45}}],"line":4},"1":{"loc":{"start":{"line":5,"column":8},"end":{"line":5,"column":38}},"type":"binary-expr","locations":[{"start":{"line":5,"column":8},"end":{"line":5,"column":30}},{"start":{"line":5,"column":34},"end":{"line":5,"column":38}}],"line":5}},"s":{"0":2,"1":2,"2":0,"3":0,"4":0,"5":2,"6":2,"7":2,"8":0,"9":2},"f":{"0":0,"1":2,"2":0},"b":{"0":[2,0],"1":[2,0]},"_coverageSchema":"1a1c01bbd47fc00a2c39e90264f33305004495a9","hash":"dc5cefc11a546856e4611d0994ceb639e078a4fd"}
}
