TN:
SF:src/api.js
FN:9,(anonymous_0)
FN:25,(anonymous_1)
FNF:2
FNH:0
FNDA:0,(anonymous_0)
FNDA:0,(anonymous_1)
DA:2,0
DA:3,0
DA:4,0
DA:6,0
DA:9,0
DA:10,0
DA:11,0
DA:12,0
DA:15,0
DA:16,0
DA:17,0
DA:18,0
DA:20,0
DA:25,0
DA:26,0
DA:27,0
DA:28,0
DA:29,0
DA:31,0
DA:33,0
DA:37,0
LF:21
LH:0
BRDA:11,0,0,0
BRDA:11,0,1,0
BRDA:28,1,0,0
BRDA:28,1,1,0
BRF:4
BRH:0
end_of_record
TN:
SF:src/config.js
FNF:0
FNH:0
DA:2,0
LF:1
LH:0
BRF:0
BRH:0
end_of_record
TN:
SF:src/createUser.js
FN:9,(anonymous_0)
FN:45,(anonymous_1)
FN:49,(anonymous_2)
FNF:3
FNH:0
FNDA:0,(anonymous_0)
FNDA:0,(anonymous_1)
FNDA:0,(anonymous_2)
DA:1,0
DA:2,0
DA:3,0
DA:4,0
DA:6,0
DA:9,0
DA:10,0
DA:11,0
DA:12,0
DA:13,0
DA:16,0
DA:17,0
DA:18,0
DA:19,0
DA:23,0
DA:24,0
DA:27,0
DA:28,0
DA:30,0
DA:36,0
DA:39,0
DA:44,0
DA:46,0
DA:47,0
DA:50,0
LF:25
LH:0
BRDA:17,0,0,0
BRDA:17,0,1,0
BRDA:36,1,0,0
BRDA:36,1,1,0
BRDA:50,2,0,0
BRDA:50,2,1,0
BRF:6
BRH:0
end_of_record
TN:
SF:src/sanitize.js
FN:9,(anonymous_0)
FNF:1
FNH:0
FNDA:0,(anonymous_0)
DA:9,0
DA:10,0
DA:13,0
DA:17,0
DA:19,0
DA:22,0
LF:6
LH:0
BRDA:10,0,0,0
BRDA:10,0,1,0
BRF:2
BRH:0
end_of_record
TN:
SF:src/seed.js
FN:4930,connectDB
FN:4944,createCategory
FN:4959,createBrand
FN:4973,(anonymous_3)
FN:4982,createModel
FN:5006,(anonymous_5)
FN:5015,createVariant
FN:5057,(anonymous_7)
FN:5066,seedDatabase
FNF:9
FNH:0
FNDA:0,connectDB
FNDA:0,createCategory
FNDA:0,createBrand
FNDA:0,(anonymous_3)
FNDA:0,createModel
FNDA:0,(anonymous_5)
FNDA:0,createVariant
FNDA:0,(anonymous_7)
FNDA:0,seedDatabase
DA:1,0
DA:2,0
DA:3,0
DA:5,0
DA:6,0
DA:8,0
DA:4931,0
DA:4932,0
DA:4936,0
DA:4938,0
DA:4939,0
DA:4945,0
DA:4946,0
DA:4947,0
DA:4953,0
DA:4955,0
DA:4960,0
DA:4964,0
DA:4965,0
DA:4970,0
DA:4973,0
DA:4974,0
DA:4975,0
DA:4978,0
DA:4983,0
DA:4987,0
DA:4988,0
DA:5003,0
DA:5006,0
DA:5007,0
DA:5008,0
DA:5011,0
DA:5017,0
DA:5022,0
DA:5027,0
DA:5032,0
DA:5036,0
DA:5037,0
DA:5038,0
DA:5054,0
DA:5057,0
DA:5058,0
DA:5059,0
DA:5062,0
DA:5067,0
DA:5068,0
DA:5070,0
DA:5071,0
DA:5072,0
DA:5074,0
DA:5075,0
DA:5076,0
DA:5078,0
DA:5079,0
DA:5080,0
DA:5082,0
DA:5083,0
DA:5084,0
DA:5089,0
DA:5091,0
DA:5103,0
DA:5105,0
DA:5107,0
DA:5108,0
DA:5113,0
LF:65
LH:0
BRDA:4946,0,0,0
BRDA:4946,0,1,0
BRDA:4964,1,0,0
BRDA:4964,1,1,0
BRDA:4973,2,0,0
BRDA:4973,2,1,0
BRDA:4987,3,0,0
BRDA:4987,3,1,0
BRDA:4990,4,0,0
BRDA:4990,4,1,0
BRDA:4991,5,0,0
BRDA:4991,5,1,0
BRDA:4992,6,0,0
BRDA:4992,6,1,0
BRDA:4993,7,0,0
BRDA:4993,7,1,0
BRDA:4994,8,0,0
BRDA:4994,8,1,0
BRDA:4995,9,0,0
BRDA:4995,9,1,0
BRDA:4996,10,0,0
BRDA:4996,10,1,0
BRDA:5006,11,0,0
BRDA:5006,11,1,0
BRDA:5017,12,0,0
BRDA:5017,12,1,0
BRDA:5018,13,0,0
BRDA:5018,13,1,0
BRDA:5018,14,0,0
BRDA:5018,14,1,0
BRDA:5022,15,0,0
BRDA:5022,15,1,0
BRDA:5023,16,0,0
BRDA:5023,16,1,0
BRDA:5023,16,2,0
BRDA:5032,17,0,0
BRDA:5032,17,1,0
BRDA:5037,18,0,0
BRDA:5037,18,1,0
BRDA:5042,19,0,0
BRDA:5042,19,1,0
BRDA:5044,20,0,0
BRDA:5044,20,1,0
BRDA:5045,21,0,0
BRDA:5045,21,1,0
BRDA:5046,22,0,0
BRDA:5046,22,1,0
BRDA:5047,23,0,0
BRDA:5047,23,1,0
BRDA:5048,24,0,0
BRDA:5048,24,1,0
BRDA:5049,25,0,0
BRDA:5049,25,1,0
BRDA:5050,26,0,0
BRDA:5050,26,1,0
BRDA:5057,27,0,0
BRDA:5057,27,1,0
BRDA:5085,28,0,0
BRDA:5085,28,1,0
BRDA:5086,29,0,0
BRDA:5086,29,1,0
BRDA:5092,30,0,0
BRDA:5092,30,1,0
BRDA:5093,31,0,0
BRDA:5093,31,1,0
BRF:65
BRH:0
end_of_record
TN:
SF:src/controllers/authController.js
FN:225,(anonymous_0)
FN:230,(anonymous_1)
FN:249,(anonymous_2)
FN:270,(anonymous_3)
FN:301,(anonymous_4)
FN:323,(anonymous_5)
FN:339,(anonymous_6)
FN:359,(anonymous_7)
FN:373,(anonymous_8)
FN:384,(anonymous_9)
FN:391,(anonymous_10)
FNF:11
FNH:3
FNDA:4,(anonymous_0)
FNDA:1,(anonymous_1)
FNDA:4,(anonymous_2)
FNDA:0,(anonymous_3)
FNDA:0,(anonymous_4)
FNDA:0,(anonymous_5)
FNDA:0,(anonymous_6)
FNDA:0,(anonymous_7)
FNDA:0,(anonymous_8)
FNDA:0,(anonymous_9)
FNDA:0,(anonymous_10)
DA:218,2
DA:219,2
DA:220,2
DA:221,2
DA:222,2
DA:225,2
DA:226,4
DA:230,2
DA:231,1
DA:234,1
DA:235,1
DA:236,0
DA:240,1
DA:241,1
DA:244,1
DA:245,1
DA:249,2
DA:250,4
DA:253,4
DA:254,4
DA:255,1
DA:259,3
DA:260,3
DA:261,0
DA:265,3
DA:266,3
DA:270,2
DA:271,0
DA:286,0
DA:287,0
DA:290,0
DA:301,2
DA:302,0
DA:304,0
DA:305,0
DA:306,0
DA:310,0
DA:311,0
DA:312,0
DA:316,0
DA:317,0
DA:319,0
DA:323,2
DA:324,0
DA:325,0
DA:326,0
DA:327,0
DA:330,0
DA:331,0
DA:332,0
DA:334,0
DA:335,0
DA:339,2
DA:340,0
DA:342,0
DA:343,0
DA:346,0
DA:348,0
DA:349,0
DA:350,0
DA:353,0
DA:354,0
DA:355,0
DA:359,0
DA:360,0
DA:361,0
DA:364,0
DA:365,0
DA:367,0
DA:369,0
DA:373,2
DA:374,0
DA:375,0
DA:376,0
DA:379,0
DA:380,0
DA:381,0
DA:384,0
DA:385,0
DA:387,0
DA:391,2
DA:392,0
DA:394,0
DA:395,0
DA:398,0
DA:400,0
DA:405,0
DA:406,0
DA:409,0
DA:411,0
LF:90
LH:30
BRDA:235,0,0,0
BRDA:235,0,1,1
BRDA:254,1,0,1
BRDA:254,1,1,3
BRDA:260,2,0,0
BRDA:260,2,1,3
BRDA:286,3,0,0
BRDA:286,3,1,0
BRDA:295,4,0,0
BRDA:295,4,1,0
BRDA:296,5,0,0
BRDA:296,5,1,0
BRDA:305,6,0,0
BRDA:305,6,1,0
BRDA:311,7,0,0
BRDA:311,7,1,0
BRDA:326,8,0,0
BRDA:326,8,1,0
BRDA:330,9,0,0
BRDA:330,9,1,0
BRDA:331,10,0,0
BRDA:331,10,1,0
BRDA:332,11,0,0
BRDA:332,11,1,0
BRDA:342,12,0,0
BRDA:342,12,1,0
BRDA:349,13,0,0
BRDA:349,13,1,0
BRDA:354,14,0,0
BRDA:354,14,1,0
BRDA:360,15,0,0
BRDA:360,15,1,0
BRDA:375,16,0,0
BRDA:375,16,1,0
BRDA:380,17,0,0
BRDA:380,17,1,0
BRDA:394,18,0,0
BRDA:394,18,1,0
BRDA:405,19,0,0
BRDA:405,19,1,0
BRF:40
BRH:4
end_of_record
TN:
SF:src/controllers/brandController.js
FN:7,(anonymous_0)
FN:17,(anonymous_1)
FN:27,(anonymous_2)
FN:35,(anonymous_3)
FN:43,(anonymous_4)
FN:53,(anonymous_5)
FNF:6
FNH:0
FNDA:0,(anonymous_0)
FNDA:0,(anonymous_1)
FNDA:0,(anonymous_2)
FNDA:0,(anonymous_3)
FNDA:0,(anonymous_4)
FNDA:0,(anonymous_5)
DA:2,2
DA:3,2
DA:4,2
DA:7,2
DA:8,0
DA:10,0
DA:11,0
DA:13,0
DA:17,2
DA:18,0
DA:20,0
DA:21,0
DA:23,0
DA:27,2
DA:28,0
DA:29,0
DA:31,0
DA:35,2
DA:36,0
DA:38,0
DA:39,0
DA:43,2
DA:44,0
DA:46,0
DA:47,0
DA:49,0
DA:53,2
DA:54,0
DA:56,0
DA:57,0
DA:59,0
LF:31
LH:9
BRDA:11,0,0,0
BRDA:11,0,1,0
BRDA:21,1,0,0
BRDA:21,1,1,0
BRDA:29,2,0,0
BRDA:29,2,1,0
BRDA:47,3,0,0
BRDA:47,3,1,0
BRDA:57,4,0,0
BRDA:57,4,1,0
BRF:10
BRH:0
end_of_record
TN:
SF:src/controllers/cartController.js
FN:8,(anonymous_0)
FN:23,(anonymous_1)
FN:36,(anonymous_2)
FN:45,(anonymous_3)
FNF:4
FNH:0
FNDA:0,(anonymous_0)
FNDA:0,(anonymous_1)
FNDA:0,(anonymous_2)
FNDA:0,(anonymous_3)
DA:2,2
DA:3,2
DA:4,2
DA:5,2
DA:8,2
DA:9,0
DA:11,0
DA:12,0
DA:14,0
DA:15,0
DA:16,0
DA:17,0
DA:19,0
DA:20,0
DA:22,0
DA:23,0
DA:25,0
DA:26,0
DA:28,0
DA:31,0
DA:32,0
DA:36,2
DA:37,0
DA:41,0
DA:45,2
DA:46,0
DA:47,0
LF:27
LH:7
BRDA:11,0,0,0
BRDA:11,0,1,0
BRDA:11,1,0,0
BRDA:11,1,1,0
BRDA:15,2,0,0
BRDA:15,2,1,0
BRDA:16,3,0,0
BRDA:16,3,1,0
BRDA:20,4,0,0
BRDA:20,4,1,0
BRDA:25,5,0,0
BRDA:25,5,1,0
BRDA:41,6,0,0
BRDA:41,6,1,0
BRF:14
BRH:0
end_of_record
TN:
SF:src/controllers/categoryController.js
FN:6,(anonymous_0)
FN:37,(anonymous_1)
FN:60,(anonymous_2)
FN:69,(anonymous_3)
FN:78,(anonymous_4)
FN:84,(anonymous_5)
FN:95,(anonymous_6)
FNF:7
FNH:0
FNDA:0,(anonymous_0)
FNDA:0,(anonymous_1)
FNDA:0,(anonymous_2)
FNDA:0,(anonymous_3)
FNDA:0,(anonymous_4)
FNDA:0,(anonymous_5)
FNDA:0,(anonymous_6)
DA:2,2
DA:3,2
DA:4,2
DA:6,2
DA:7,0
DA:9,0
DA:10,0
DA:11,0
DA:12,0
DA:16,0
DA:19,0
DA:24,0
DA:26,0
DA:28,0
DA:29,0
DA:37,2
DA:38,0
DA:40,0
DA:41,0
DA:46,0
DA:50,0
DA:51,0
DA:56,0
DA:60,2
DA:61,0
DA:64,0
DA:65,0
DA:69,2
DA:70,0
DA:71,0
DA:74,0
DA:78,2
DA:79,0
DA:80,0
DA:84,2
DA:85,0
DA:90,0
DA:91,0
DA:95,2
DA:96,0
DA:97,0
DA:98,0
LF:42
LH:10
BRDA:11,0,0,0
BRDA:11,0,1,0
BRDA:40,1,0,0
BRDA:40,1,1,0
BRDA:50,2,0,0
BRDA:50,2,1,0
BRDA:50,3,0,0
BRDA:50,3,1,0
BRDA:64,4,0,0
BRDA:64,4,1,0
BRDA:90,5,0,0
BRDA:90,5,1,0
BRDA:97,6,0,0
BRDA:97,6,1,0
BRF:14
BRH:0
end_of_record
TN:
SF:src/controllers/modelController.js
FN:7,(anonymous_0)
FN:15,(anonymous_1)
FN:24,(anonymous_2)
FN:32,(anonymous_3)
FN:34,(anonymous_4)
FN:44,(anonymous_5)
FN:67,(anonymous_6)
FN:74,(anonymous_7)
FN:83,(anonymous_8)
FNF:9
FNH:0
FNDA:0,(anonymous_0)
FNDA:0,(anonymous_1)
FNDA:0,(anonymous_2)
FNDA:0,(anonymous_3)
FNDA:0,(anonymous_4)
FNDA:0,(anonymous_5)
FNDA:0,(anonymous_6)
FNDA:0,(anonymous_7)
FNDA:0,(anonymous_8)
DA:2,2
DA:3,2
DA:4,2
DA:7,2
DA:8,0
DA:11,0
DA:15,2
DA:16,0
DA:18,0
DA:20,0
DA:24,2
DA:25,0
DA:32,0
DA:33,0
DA:34,0
DA:37,0
DA:40,0
DA:44,2
DA:45,0
DA:47,0
DA:48,0
DA:53,0
DA:57,0
DA:58,0
DA:63,0
DA:67,2
DA:68,0
DA:69,0
DA:70,0
DA:74,2
DA:75,0
DA:78,0
DA:79,0
DA:83,2
DA:84,0
DA:85,0
DA:86,0
LF:37
LH:10
BRDA:18,0,0,0
BRDA:18,0,1,0
BRDA:33,1,0,0
BRDA:33,1,1,0
BRDA:47,2,0,0
BRDA:47,2,1,0
BRDA:57,3,0,0
BRDA:57,3,1,0
BRDA:78,4,0,0
BRDA:78,4,1,0
BRDA:85,5,0,0
BRDA:85,5,1,0
BRF:12
BRH:0
end_of_record
TN:
SF:src/controllers/orderController.js
FN:17,(anonymous_0)
FN:38,(anonymous_1)
FN:47,(anonymous_2)
FN:48,(anonymous_3)
FN:66,(anonymous_4)
FN:69,(anonymous_5)
FN:94,(anonymous_6)
FN:118,(anonymous_7)
FN:127,(anonymous_8)
FN:128,(anonymous_9)
FN:165,(anonymous_10)
FN:177,(anonymous_11)
FN:183,(anonymous_12)
FN:205,(anonymous_13)
FN:217,(anonymous_14)
FN:227,(anonymous_15)
FN:238,(anonymous_16)
FNF:17
FNH:7
FNDA:1,(anonymous_0)
FNDA:1,(anonymous_1)
FNDA:1,(anonymous_2)
FNDA:1,(anonymous_3)
FNDA:1,(anonymous_4)
FNDA:1,(anonymous_5)
FNDA:0,(anonymous_6)
FNDA:0,(anonymous_7)
FNDA:0,(anonymous_8)
FNDA:0,(anonymous_9)
FNDA:0,(anonymous_10)
FNDA:0,(anonymous_11)
FNDA:0,(anonymous_12)
FNDA:1,(anonymous_13)
FNDA:0,(anonymous_14)
FNDA:0,(anonymous_15)
FNDA:0,(anonymous_16)
DA:2,2
DA:3,2
DA:4,2
DA:5,2
DA:6,2
DA:7,2
DA:8,2
DA:10,2
DA:11,0
DA:17,2
DA:24,1
DA:26,1
DA:33,0
DA:38,1
DA:39,1
DA:41,1
DA:42,0
DA:47,1
DA:48,1
DA:49,1
DA:50,1
DA:53,1
DA:54,1
DA:55,1
DA:56,0
DA:59,1
DA:60,1
DA:61,0
DA:64,1
DA:66,1
DA:69,1
DA:83,1
DA:86,1
DA:87,1
DA:88,1
DA:90,1
DA:94,2
DA:95,0
DA:97,0
DA:98,0
DA:101,0
DA:102,0
DA:107,0
DA:111,0
DA:118,0
DA:119,0
DA:121,0
DA:122,0
DA:127,0
DA:128,0
DA:129,0
DA:130,0
DA:132,0
DA:135,0
DA:136,0
DA:137,0
DA:139,0
DA:140,0
DA:143,0
DA:144,0
DA:158,0
DA:160,0
DA:165,2
DA:166,0
DA:167,0
DA:169,0
DA:170,0
DA:174,0
DA:176,0
DA:177,0
DA:181,0
DA:183,0
DA:190,0
DA:191,0
DA:192,0
DA:194,0
DA:195,0
DA:197,0
DA:198,0
DA:200,0
DA:205,2
DA:206,1
DA:211,1
DA:213,1
DA:217,2
DA:218,0
DA:223,0
DA:227,2
DA:228,0
DA:229,0
DA:231,0
DA:232,0
DA:234,0
DA:238,2
DA:239,0
DA:244,0
LF:96
LH:40
BRDA:10,0,0,0
BRDA:10,0,1,2
BRDA:26,1,0,0
BRDA:26,1,1,1
BRDA:27,2,0,1
BRDA:27,2,1,1
BRDA:27,2,2,1
BRDA:27,2,3,1
BRDA:27,2,4,1
BRDA:41,3,0,0
BRDA:41,3,1,1
BRDA:49,4,0,0
BRDA:49,4,1,1
BRDA:55,5,0,0
BRDA:55,5,1,1
BRDA:60,6,0,0
BRDA:60,6,1,1
BRDA:97,7,0,0
BRDA:97,7,1,0
BRDA:97,8,0,0
BRDA:97,8,1,0
BRDA:97,8,2,0
BRDA:101,9,0,0
BRDA:101,9,1,0
BRDA:101,10,0,0
BRDA:101,10,1,0
BRDA:107,11,0,0
BRDA:107,11,1,0
BRDA:108,12,0,0
BRDA:108,12,1,0
BRDA:121,13,0,0
BRDA:121,13,1,0
BRDA:129,14,0,0
BRDA:129,14,1,0
BRDA:139,15,0,0
BRDA:139,15,1,0
BRDA:174,16,0,0
BRDA:174,16,1,0
BRDA:174,17,0,0
BRDA:174,17,1,0
BRDA:211,18,0,0
BRDA:211,18,1,1
BRDA:229,19,0,0
BRDA:229,19,1,0
BRF:44
BRH:12
end_of_record
TN:
SF:src/controllers/reviewController.js
FN:6,(anonymous_0)
FN:18,(anonymous_1)
FN:44,(anonymous_2)
FNF:3
FNH:0
FNDA:0,(anonymous_0)
FNDA:0,(anonymous_1)
FNDA:0,(anonymous_2)
DA:3,2
DA:6,2
DA:7,0
DA:8,0
DA:9,0
DA:10,0
DA:11,0
DA:13,0
DA:18,2
DA:19,0
DA:20,0
DA:22,0
DA:23,0
DA:26,0
DA:27,0
DA:35,0
DA:36,0
DA:38,0
DA:44,2
DA:45,0
DA:47,0
DA:48,0
DA:50,0
DA:51,0
DA:54,0
DA:56,0
DA:57,0
LF:27
LH:4
BRDA:9,0,0,0
BRDA:9,0,1,0
BRDA:22,1,0,0
BRDA:22,1,1,0
BRDA:22,2,0,0
BRDA:22,2,1,0
BRDA:50,3,0,0
BRDA:50,3,1,0
BRF:8
BRH:0
end_of_record
TN:
SF:src/controllers/searchController.js
FN:4,(anonymous_0)
FN:16,(anonymous_1)
FN:29,(anonymous_2)
FN:35,(anonymous_3)
FN:45,(anonymous_4)
FNF:5
FNH:0
FNDA:0,(anonymous_0)
FNDA:0,(anonymous_1)
FNDA:0,(anonymous_2)
FNDA:0,(anonymous_3)
FNDA:0,(anonymous_4)
DA:2,2
DA:4,2
DA:5,0
DA:6,0
DA:7,0
DA:9,0
DA:10,0
DA:14,0
DA:16,0
DA:17,0
DA:21,0
DA:25,0
DA:29,0
DA:35,0
DA:43,0
DA:45,0
DA:54,0
DA:56,0
DA:57,0
LF:19
LH:2
BRDA:6,0,0,0
BRDA:6,0,1,0
BRF:2
BRH:0
end_of_record
TN:
SF:src/controllers/specController.js
FN:2,(anonymous_0)
FNF:1
FNH:0
FNDA:0,(anonymous_0)
DA:2,2
DA:3,0
DA:4,0
DA:6,0
DA:7,0
DA:10,0
DA:12,0
DA:13,0
DA:16,0
DA:18,0
DA:19,0
LF:11
LH:1
BRDA:6,0,0,0
BRDA:6,0,1,0
BRDA:12,1,0,0
BRDA:12,1,1,0
BRF:4
BRH:0
end_of_record
TN:
SF:src/controllers/userController.js
FN:11,(anonymous_0)
FN:22,(anonymous_1)
FN:36,(anonymous_2)
FN:60,(anonymous_3)
FNF:4
FNH:0
FNDA:0,(anonymous_0)
FNDA:0,(anonymous_1)
FNDA:0,(anonymous_2)
FNDA:0,(anonymous_3)
DA:3,2
DA:4,2
DA:5,2
DA:6,2
DA:7,2
DA:8,2
DA:11,2
DA:12,0
DA:13,0
DA:14,0
DA:15,0
DA:17,0
DA:22,2
DA:23,0
DA:24,0
DA:25,0
DA:27,0
DA:32,2
DA:37,0
DA:38,0
DA:39,0
DA:42,0
DA:43,0
DA:44,0
DA:45,0
DA:47,0
DA:48,0
DA:49,0
DA:51,0
DA:52,0
DA:54,0
DA:60,2
DA:61,0
DA:62,0
DA:63,0
DA:65,0
DA:66,0
DA:68,0
LF:38
LH:10
BRDA:14,0,0,0
BRDA:14,0,1,0
BRDA:38,1,0,0
BRDA:38,1,1,0
BRDA:45,2,0,0
BRDA:45,2,1,0
BRDA:63,3,0,0
BRDA:63,3,1,0
BRF:8
BRH:0
end_of_record
TN:
SF:src/controllers/variantController.js
FN:7,(anonymous_0)
FN:16,(anonymous_1)
FN:29,(anonymous_2)
FN:36,(anonymous_3)
FN:53,(anonymous_4)
FN:65,(anonymous_5)
FN:77,(anonymous_6)
FN:87,(anonymous_7)
FNF:8
FNH:0
FNDA:0,(anonymous_0)
FNDA:0,(anonymous_1)
FNDA:0,(anonymous_2)
FNDA:0,(anonymous_3)
FNDA:0,(anonymous_4)
FNDA:0,(anonymous_5)
FNDA:0,(anonymous_6)
FNDA:0,(anonymous_7)
DA:2,2
DA:3,2
DA:4,2
DA:7,2
DA:8,0
DA:12,0
DA:16,2
DA:17,0
DA:23,0
DA:25,0
DA:29,2
DA:30,0
DA:31,0
DA:32,0
DA:36,2
DA:37,0
DA:38,0
DA:40,0
DA:44,0
DA:46,0
DA:47,0
DA:49,0
DA:53,2
DA:54,0
DA:59,0
DA:61,0
DA:65,2
DA:66,0
DA:67,0
DA:69,0
DA:73,0
DA:77,2
DA:78,0
DA:81,0
DA:83,0
DA:87,2
DA:88,0
DA:92,0
DA:94,0
LF:39
LH:11
BRDA:23,0,0,0
BRDA:23,0,1,0
BRDA:38,1,0,0
BRDA:38,1,1,0
BRDA:59,2,0,0
BRDA:59,2,1,0
BRDA:67,3,0,0
BRDA:67,3,1,0
BRDA:81,4,0,0
BRDA:81,4,1,0
BRDA:92,5,0,0
BRDA:92,5,1,0
BRF:12
BRH:0
end_of_record
TN:
SF:src/middlewares/asyncHandler.js
FN:3,(anonymous_0)
FN:3,(anonymous_1)
FNF:2
FNH:2
FNDA:150,(anonymous_0)
FNDA:7,(anonymous_1)
DA:3,150
DA:4,7
DA:7,2
LF:3
LH:3
BRF:0
BRH:0
end_of_record
TN:
SF:src/middlewares/authMiddleware.js
FN:4,(anonymous_0)
FNF:1
FNH:1
FNDA:2,(anonymous_0)
DA:2,2
DA:4,2
DA:5,2
DA:6,2
DA:7,0
DA:8,0
DA:11,2
DA:12,2
DA:13,2
DA:14,2
DA:15,2
DA:17,0
DA:18,0
DA:22,2
LF:14
LH:10
BRDA:6,0,0,0
BRDA:6,0,1,2
BRF:2
BRH:1
end_of_record
TN:
SF:src/middlewares/errorHandler.js
FN:4,(anonymous_0)
FNF:1
FNH:1
FNDA:1,(anonymous_0)
DA:2,2
DA:4,2
DA:5,1
DA:6,1
DA:12,0
DA:14,0
DA:20,2
LF:7
LH:5
BRDA:5,0,0,1
BRDA:5,0,1,0
BRF:2
BRH:1
end_of_record
TN:
SF:src/middlewares/validation.js
FN:39,(anonymous_0)
FN:39,(anonymous_1)
FN:43,(anonymous_2)
FNF:3
FNH:2
FNDA:12,(anonymous_0)
FNDA:5,(anonymous_1)
FNDA:0,(anonymous_2)
DA:2,2
DA:10,2
DA:13,2
DA:28,2
DA:39,12
DA:40,5
DA:41,5
DA:43,0
DA:44,0
DA:46,5
DA:50,2
DA:51,2
DA:52,2
DA:53,2
DA:56,2
DA:57,2
LF:16
LH:14
BRDA:41,0,0,0
BRDA:41,0,1,5
BRF:2
BRH:1
end_of_record
TN:
SF:src/models/Review.js
FNF:0
FNH:0
DA:2,2
DA:3,2
DA:5,2
DA:36,2
DA:38,2
LF:5
LH:5
BRF:0
BRH:0
end_of_record
TN:
SF:src/models/cart.js
FN:43,(anonymous_0)
FNF:1
FNH:0
FNDA:0,(anonymous_0)
DA:1,2
DA:2,2
DA:5,2
DA:20,2
DA:43,2
DA:44,0
DA:45,0
DA:49,2
DA:51,2
LF:9
LH:7
BRF:0
BRH:0
end_of_record
TN:
SF:src/models/category.js
FNF:0
FNH:0
DA:2,2
DA:3,2
DA:6,2
DA:22,2
DA:33,2
DA:49,2
DA:64,2
DA:89,2
DA:92,2
DA:116,2
DA:130,2
DA:141,2
DA:142,2
DA:143,2
DA:146,2
DA:147,2
DA:148,2
DA:149,2
DA:151,2
LF:19
LH:19
BRF:0
BRH:0
end_of_record
TN:
SF:src/models/order.js
FNF:0
FNH:0
DA:2,2
DA:4,2
DA:29,2
LF:3
LH:3
BRF:0
BRH:0
end_of_record
TN:
SF:src/models/user.js
FN:15,(anonymous_0)
FN:27,(anonymous_1)
FNF:2
FNH:2
FNDA:5,(anonymous_0)
FNDA:3,(anonymous_1)
DA:1,2
DA:2,2
DA:4,2
DA:15,2
DA:16,5
DA:17,4
DA:18,4
DA:19,4
DA:20,4
DA:22,0
DA:23,0
DA:27,2
DA:28,3
DA:31,2
LF:14
LH:12
BRDA:16,0,0,1
BRDA:16,0,1,4
BRF:2
BRH:2
end_of_record
TN:
SF:src/models/validationSchemas.js
FNF:0
FNH:0
DA:1,2
DA:4,2
DA:22,2
DA:72,2
DA:78,2
DA:83,2
LF:6
LH:6
BRF:0
BRH:0
end_of_record
TN:
SF:src/routes/authRoutes.js
FNF:0
FNH:0
DA:2,2
DA:3,2
DA:4,2
DA:5,2
DA:6,2
DA:9,2
DA:10,2
DA:13,2
DA:14,2
DA:15,2
DA:18,2
DA:19,2
DA:20,2
DA:22,2
LF:14
LH:14
BRF:0
BRH:0
end_of_record
TN:
SF:src/routes/brandRoutes.js
FNF:0
FNH:0
DA:2,2
DA:3,2
DA:10,2
DA:11,2
DA:12,2
DA:15,2
DA:18,2
DA:21,2
DA:24,2
DA:27,2
DA:29,2
LF:11
LH:11
BRF:0
BRH:0
end_of_record
TN:
SF:src/routes/cartRoutes.js
FNF:0
FNH:0
DA:1,2
DA:6,2
DA:7,2
DA:8,2
DA:10,2
DA:12,2
DA:14,2
DA:15,2
DA:16,2
DA:18,2
LF:10
LH:10
BRF:0
BRH:0
end_of_record
TN:
SF:src/routes/categoryRoutes.js
FNF:0
FNH:0
DA:1,2
DA:2,2
DA:11,2
DA:12,2
DA:13,2
DA:16,2
DA:19,2
DA:22,2
DA:25,2
DA:28,2
DA:31,2
DA:34,2
DA:36,2
LF:13
LH:13
BRF:0
BRH:0
end_of_record
TN:
SF:src/routes/modelRoutes.js
FNF:0
FNH:0
DA:2,2
DA:3,2
DA:12,2
DA:13,2
DA:14,2
DA:17,2
DA:23,2
DA:26,2
DA:27,2
DA:28,2
DA:33,2
DA:36,2
DA:38,2
LF:13
LH:13
BRF:0
BRH:0
end_of_record
TN:
SF:src/routes/orderRoutes.js
FNF:0
FNH:0
DA:2,2
DA:11,2
DA:12,2
DA:14,2
DA:15,2
DA:17,2
DA:19,2
DA:20,2
DA:21,2
DA:22,2
DA:23,2
DA:25,2
LF:12
LH:12
BRF:0
BRH:0
end_of_record
TN:
SF:src/routes/reviewRoutes.js
FNF:0
FNH:0
DA:1,2
DA:6,2
DA:7,2
DA:9,2
DA:12,2
DA:13,2
DA:16,2
DA:17,2
DA:20,2
DA:22,2
LF:10
LH:10
BRF:0
BRH:0
end_of_record
TN:
SF:src/routes/searchRoutes.js
FNF:0
FNH:0
DA:1,2
DA:2,2
DA:3,2
DA:6,2
DA:8,2
LF:5
LH:5
BRF:0
BRH:0
end_of_record
TN:
SF:src/routes/specRoutes.js
FNF:0
FNH:0
DA:1,2
DA:2,2
DA:3,2
DA:6,2
DA:8,2
LF:5
LH:5
BRF:0
BRH:0
end_of_record
TN:
SF:src/routes/userRoutes.js
FNF:0
FNH:0
DA:1,2
DA:7,2
DA:11,2
DA:12,2
DA:14,2
DA:16,2
DA:17,2
DA:18,2
DA:19,2
DA:22,2
DA:25,2
DA:27,2
LF:12
LH:12
BRF:0
BRH:0
end_of_record
TN:
SF:src/routes/variantRoutes.js
FNF:0
FNH:0
DA:2,2
DA:3,2
DA:12,2
DA:13,2
DA:14,2
DA:17,2
DA:20,2
DA:23,2
DA:26,2
DA:27,2
DA:33,2
DA:36,2
DA:38,2
LF:13
LH:13
BRF:0
BRH:0
end_of_record
TN:
SF:src/services/cartService.js
FN:5,(anonymous_0)
FN:13,(anonymous_1)
FN:23,(anonymous_2)
FN:45,(anonymous_3)
FNF:4
FNH:0
FNDA:0,(anonymous_0)
FNDA:0,(anonymous_1)
FNDA:0,(anonymous_2)
FNDA:0,(anonymous_3)
DA:1,0
DA:2,0
DA:6,0
DA:10,0
DA:14,0
DA:15,0
DA:17,0
DA:20,0
DA:22,0
DA:23,0
DA:26,0
DA:27,0
DA:28,0
DA:30,0
DA:32,0
DA:33,0
DA:35,0
DA:38,0
DA:39,0
DA:46,0
DA:47,0
DA:51,0
LF:22
LH:0
BRDA:10,0,0,0
BRDA:10,0,1,0
BRDA:15,1,0,0
BRDA:15,1,1,0
BRDA:20,2,0,0
BRDA:20,2,1,0
BRDA:26,3,0,0
BRDA:26,3,1,0
BRDA:27,4,0,0
BRDA:27,4,1,0
BRDA:32,5,0,0
BRDA:32,5,1,0
BRF:12
BRH:0
end_of_record
TN:
SF:src/services/checkoutService.js
FN:5,(anonymous_0)
FN:17,(anonymous_1)
FN:23,(anonymous_2)
FNF:3
FNH:0
FNDA:0,(anonymous_0)
FNDA:0,(anonymous_1)
FNDA:0,(anonymous_2)
DA:1,0
DA:2,0
DA:3,0
DA:5,0
DA:6,0
DA:7,0
DA:9,0
DA:10,0
DA:14,0
DA:16,0
DA:17,0
DA:21,0
DA:23,0
DA:30,0
DA:31,0
DA:32,0
DA:34,0
DA:35,0
DA:37,0
DA:38,0
DA:40,0
DA:44,0
LF:22
LH:0
BRDA:14,0,0,0
BRDA:14,0,1,0
BRDA:14,1,0,0
BRDA:14,1,1,0
BRF:4
BRH:0
end_of_record
TN:
SF:src/services/specService.js
FN:4,getVariantSpecs
FN:30,(anonymous_1)
FNF:2
FNH:0
FNDA:0,getVariantSpecs
FNDA:0,(anonymous_1)
DA:1,0
DA:2,0
DA:10,0
DA:11,0
DA:20,0
DA:25,0
DA:28,0
DA:29,0
DA:31,0
DA:34,0
DA:35,0
DA:46,0
DA:49,0
DA:50,0
DA:54,0
LF:15
LH:0
BRDA:20,0,0,0
BRDA:20,0,1,0
BRDA:21,1,0,0
BRDA:21,1,1,0
BRDA:21,1,2,0
BRDA:31,2,0,0
BRDA:31,2,1,0
BRDA:34,3,0,0
BRDA:34,3,1,0
BRF:9
BRH:0
end_of_record
TN:
SF:src/utils/appError.js
FN:3,(anonymous_0)
FNF:1
FNH:1
FNDA:1,(anonymous_0)
DA:4,1
DA:5,1
DA:6,1
DA:7,1
DA:8,1
DA:12,2
LF:6
LH:6
BRDA:6,0,0,1
BRDA:6,0,1,0
BRF:2
BRH:1
end_of_record
TN:
SF:src/utils/redisClient.js
FN:6,(anonymous_0)
FN:13,(anonymous_1)
FN:17,(anonymous_2)
FNF:3
FNH:1
FNDA:0,(anonymous_0)
FNDA:2,(anonymous_1)
FNDA:0,(anonymous_2)
DA:1,2
DA:3,2
DA:7,0
DA:8,0
DA:9,0
DA:13,2
DA:14,2
DA:17,2
DA:18,0
DA:21,2
LF:10
LH:6
BRDA:4,0,0,2
BRDA:4,0,1,0
BRDA:5,1,0,2
BRDA:5,1,1,0
BRF:4
BRH:2
end_of_record
